<<</Users/heokangmoo/dev/Java/LogFinder/Example/sample.log>>>
[2021-12-24 12:09:11.123] [INFO ] [RMQ_CONSUMER_56] [RMQ MESSAGE] (808a424a6969ec1e5cb6126bc5a00) (01047507298) (98527) (61c539d7dfb6b66cbc03fb14.S_TASKENGINE_01_B) PBX_AMF_0<-PBX_A2S:offer_req/success json=[{
  "header": {
    "type": "offer_req",
    "transactionId": "7b9a8128-43d3-46e2-bfa8-f12b25ae73bc",
    "msgFrom": "PBX_A2S",
    "reasonCode": 0,
    "timestamp": "2021-12-24 12:09:11.123"
  },
  "body": {
    "taskId": "61c539d7dfb6b66cbc03fb14.S_TASKENGINE_01_B",
    "callId": "808a424a6969ec1e5cb6126bc5a00",
    "from_no": "01047507298",
    "to_no": "98527",
    "sdp": "v\u003d0\r\no\u003d- 1640315351 1 IN IP4 172.22.48.150\r\ns\u003d-\r\nc\u003dIN IP4 172.22.48.134\r\nb\u003dAS:64\r\nt\u003d0 0\r\na\u003dcsup:avf-v0\r\na\u003davf:avc\u003dn prio\u003dn\r\nm\u003daudio 4772 RTP/AVP 0 101\r\na\u003dsendrecv\r\na\u003drtpmap:101 telephone-event/8000\r\na\u003dptime:20\r\n",
    "in_out_flag": 0
  }
}] - (RmqConsumer.java:93 - media.platform.amf.rmqif.module.RmqConsumer.parseRmqMessage)

[2021-12-24 12:09:11.127] [DEBUG] [RMQ_CONSUMER_56] [NEW] StateUnit: name=[808a424a6969ec1e5cb6126bc5a00], lockAddr=[java.util.concurrent.locks.ReentrantLock@7767deb3[Unlocked]] - (StateUnit.java:50 - com.fsm.unit.StateUnit.<init>)

[2021-12-24 12:09:11.127] [DEBUG] [RMQ_CONSUMER_56] (808a424a6969ec1e5cb6126bc5a00) (01047507298) (98527) (61c539d7dfb6b66cbc03fb14.S_TASKENGINE_01_B)  New call. Total [1] - (SessionManager.java:98 - media.platform.amf.session.SessionManager.createCall)

[2021-12-24 12:09:11.127] [DEBUG] [RMQ_CONSUMER_56] (808a424a6969ec1e5cb6126bc5a00) (01047507298) (98527) (61c539d7dfb6b66cbc03fb14.S_TASKENGINE_01_B) create call - (RmqProcOfferReq.java:144 - media.platform.amf.rmqif.handler.a2s.RmqProcOfferReq.checkAndCreateSession)

[2021-12-24 12:09:11.127] [DEBUG] [RMQ_CONSUMER_56] (808a424a6969ec1e5cb6126bc5a00) (01047507298) (98527) (61c539d7dfb6b66cbc03fb14.S_TASKENGINE_01_B)  New call added. participants [0] - (TaskInfo.java:104 - media.platform.amf.session.TaskInfo.addCall)

[2021-12-24 12:09:11.128] [DEBUG] [RMQ_CONSUMER_56] [LOCK<] StateUnit=[StateUnit{name='808a424a6969ec1e5cb6126bc5a00', handlerName='SESSION', prevState='null', curState='IDLE', nextEventKey='null', successCallBackResult=null, failCallBackResult=null, data=CallInfo(taskId=61c539d7dfb6b66cbc03fb14.S_TASKENGINE_01_B, callId=808a424a6969ec1e5cb6126bc5a00, fromNo=01047507298, toNo=98527, createdTime=1640315351127, outBoundFlag=0, isTraceEnabled=false, peerAddrs=[/172.22.48.134:4772], sdpInfos={audio=SdpInfo(attributes=[media.platform.amf.sdp.SdpAttribute@79a03e2f, media.platform.amf.sdp.SdpAttribute@7d9fb5c3, media.platform.amf.sdp.SdpAttribute@389d3414, media.platform.amf.sdp.SdpAttribute@71c6e7f2], remotePort=4772, localIp=null, localPort=0, remoteIp=172.22.48.134, payloadId=0, codecStr=PCMU, payload2833=101, modeSet=-1, oaMode=true, isSendOnly=false, sampleRate=8000, priorityCodec=null)}, payloadId=0, isRtpSidMode=false, isAmrCall=true, localPort=10033, dialogState=IDLE_STATE, aiifIp=null, aiifPort=0, aiifInfo=null, aiifSeqNo=0, lastRtpRecvTime=1640315351127, mediaPlayer=media.platform.amf.rtp.media.MediaPlayer@9efeea3, rtpChannelInfo=RtpChannelInfo{usingPort=10033, channel=[id: 0x8521e1d7, L:/172.22.49.168:10033], taskInfo=media.platform.amf.session.TaskInfo@95e63f0}, recordInfo=media.platform.amf.rtp.record.RecordInfo@58b2cb5b, dtmfCollector=media.platform.amf.rtp.dtmf.DtmfCollector@1e8d5ec8, scheduledFuture=java.util.concurrent.ScheduledThreadPoolExecutor$ScheduledFutureTask@5cfc7740[Not completed, task = java.util.concurrent.Executors$RunnableAdapter@68e1314c[Wrapped task = umedia.library.executor.USingleScheduledExecutorService$$Lambda$186/0x000000084029a840@125a8e43]])}], lockAddr=[java.util.concurrent.locks.ReentrantLock@7767deb3[Locked by thread RMQ_CONSUMER_56]] - (StateEventManager.java:223 - com.fsm.event.StateEventManager.nextState)

[2021-12-24 12:09:11.128] [DEBUG] [RMQ_CONSUMER_56] [1002] (808a424a6969ec1e5cb6126bc5a00) Prev State is changed. ([null] > [IDLE]) - (StateUnit.java:163 - com.fsm.unit.StateUnit.setPrevState)

[2021-12-24 12:09:11.128] [DEBUG] [RMQ_CONSUMER_56] [1002] (808a424a6969ec1e5cb6126bc5a00) Cur State is changed. ([IDLE] > [OFFER]) - (StateUnit.java:140 - com.fsm.unit.StateUnit.setCurState)

[2021-12-24 12:09:11.128] [DEBUG] [RMQ_CONSUMER_56] [>UNLOCK] StateUnit=[StateUnit{name='808a424a6969ec1e5cb6126bc5a00', handlerName='SESSION', prevState='IDLE', curState='OFFER', nextEventKey='null', successCallBackResult=null, failCallBackResult=null, data=CallInfo(taskId=61c539d7dfb6b66cbc03fb14.S_TASKENGINE_01_B, callId=808a424a6969ec1e5cb6126bc5a00, fromNo=01047507298, toNo=98527, createdTime=1640315351127, outBoundFlag=0, isTraceEnabled=false, peerAddrs=[/172.22.48.134:4772], sdpInfos={audio=SdpInfo(attributes=[media.platform.amf.sdp.SdpAttribute@79a03e2f, media.platform.amf.sdp.SdpAttribute@7d9fb5c3, media.platform.amf.sdp.SdpAttribute@389d3414, media.platform.amf.sdp.SdpAttribute@71c6e7f2], remotePort=4772, localIp=null, localPort=0, remoteIp=172.22.48.134, payloadId=0, codecStr=PCMU, payload2833=101, modeSet=-1, oaMode=true, isSendOnly=false, sampleRate=8000, priorityCodec=null)}, payloadId=0, isRtpSidMode=false, isAmrCall=true, localPort=10033, dialogState=IDLE_STATE, aiifIp=null, aiifPort=0, aiifInfo=null, aiifSeqNo=0, lastRtpRecvTime=1640315351127, mediaPlayer=media.platform.amf.rtp.media.MediaPlayer@9efeea3, rtpChannelInfo=RtpChannelInfo{usingPort=10033, channel=[id: 0x8521e1d7, L:/172.22.49.168:10033], taskInfo=media.platform.amf.session.TaskInfo@95e63f0}, recordInfo=media.platform.amf.rtp.record.RecordInfo@58b2cb5b, dtmfCollector=media.platform.amf.rtp.dtmf.DtmfCollector@1e8d5ec8, scheduledFuture=java.util.concurrent.ScheduledThreadPoolExecutor$ScheduledFutureTask@5cfc7740[Not completed, task = java.util.concurrent.Executors$RunnableAdapter@68e1314c[Wrapped task = umedia.library.executor.USingleScheduledExecutorService$$Lambda$186/0x000000084029a840@125a8e43]])}], lockAddr=[java.util.concurrent.locks.ReentrantLock@7767deb3[Unlocked]] - (StateEventManager.java:261 - com.fsm.event.StateEventManager.nextState)

[2021-12-24 12:09:11.128] [DEBUG] [RMQ_CONSUMER_56] (808a424a6969ec1e5cb6126bc5a00) (01047507298) (98527) (61c539d7dfb6b66cbc03fb14.S_TASKENGINE_01_B)  Select SDP: payload 0 local port 10033 - (RmqProcOfferRes.java:172 - media.platform.amf.rmqif.handler.a2s.RmqProcOfferRes.addInboundSdpAttribute)

[2021-12-24 12:09:11.128] [DEBUG] [RMQ_CONSUMER_56] (808a424a6969ec1e5cb6126bc5a00) (01047507298) (98527) (61c539d7dfb6b66cbc03fb14.S_TASKENGINE_01_B)  Make sdp ok - (RmqProcOfferRes.java:76 - media.platform.amf.rmqif.handler.a2s.RmqProcOfferRes.send)

[2021-12-24 12:09:11.128] [INFO ] [RMQ_CONSUMER_56] [RMQ MESSAGE] (808a424a6969ec1e5cb6126bc5a00) (01047507298) (98527) (61c539d7dfb6b66cbc03fb14.S_TASKENGINE_01_B) PBX_AMF_0->PBX_A2S:offer_res/success json=[{
  "header": {
    "type": "offer_res",
    "msgFrom": "PBX_AMF_0",
    "transactionId": "7b9a8128-43d3-46e2-bfa8-f12b25ae73bc",
    "reasonCode": 0,
    "timestamp": "2021-12-24 12:09:11.128"
  },
  "body": {
    "in_out_flag": 0,
    "sampling_rate": 8000,
    "sdp": "v\u003d0\r\no\u003d- 0 0 IN IP4 172.22.49.168\r\ns\u003d-\r\nc\u003dIN IP4 172.22.49.168\r\nt\u003d0 0\r\nm\u003daudio 10033 RTP/AVP 0 101\r\na\u003drtpmap:0 pcmu/8000\r\na\u003drtpmap:101 telephone-event/8000\r\na\u003dsendrecv\r\n",
    "taskId": "61c539d7dfb6b66cbc03fb14.S_TASKENGINE_01_B",
    "callId": "808a424a6969ec1e5cb6126bc5a00"
  }
}] - (RmqOutgoingMessage.java:106 - media.platform.amf.rmqif.handler.base.RmqOutgoingMessage.sendClient)

[2021-12-24 12:09:11.129] [INFO ] [RMQ_CONSUMER_115] [RMQ MESSAGE] (808a424a6969ec1e5cb6126bc5a00) (01047507298) (98527) (61c539d7dfb6b66cbc03fb14.S_TASKENGINE_01_B) PBX_AMF_0<-PBX_A2S:nego_done_req/success json=[{
  "header": {
    "type": "nego_done_req",
    "transactionId": "db38a79c-d23a-4090-957e-4d2c98c2d886",
    "msgFrom": "PBX_A2S",
    "reasonCode": 0,
    "timestamp": "2021-12-24 12:09:11.129"
  },
  "body": {
    "taskId": "61c539d7dfb6b66cbc03fb14.S_TASKENGINE_01_B",
    "callId": "808a424a6969ec1e5cb6126bc5a00",
    "in_out_flag": 0,
    "sdp": "v\u003d0\r\no\u003d- 0 0 IN IP4 172.22.49.168\r\ns\u003d-\r\nc\u003dIN IP4 172.22.49.168\r\nt\u003d0 0\r\nm\u003daudio 10033 RTP/AVP 0 101\r\na\u003drtpmap:0 pcmu/8000\r\na\u003drtpmap:101 telephone-event/8000\r\na\u003dsendrecv\r\n"
  }
}] - (RmqConsumer.java:93 - media.platform.amf.rmqif.module.RmqConsumer.parseRmqMessage)

[2021-12-24 12:09:11.129] [DEBUG] [RMQ_CONSUMER_115] [LOCK<] StateUnit=[StateUnit{name='808a424a6969ec1e5cb6126bc5a00', handlerName='SESSION', prevState='IDLE', curState='OFFER', nextEventKey='null', successCallBackResult=null, failCallBackResult=null, data=CallInfo(taskId=61c539d7dfb6b66cbc03fb14.S_TASKENGINE_01_B, callId=808a424a6969ec1e5cb6126bc5a00, fromNo=01047507298, toNo=98527, createdTime=1640315351127, outBoundFlag=0, isTraceEnabled=false, peerAddrs=[/172.22.48.134:4772], sdpInfos={audio=SdpInfo(attributes=[media.platform.amf.sdp.SdpAttribute@79a03e2f, media.platform.amf.sdp.SdpAttribute@7d9fb5c3, media.platform.amf.sdp.SdpAttribute@389d3414, media.platform.amf.sdp.SdpAttribute@71c6e7f2], remotePort=4772, localIp=null, localPort=0, remoteIp=172.22.48.134, payloadId=0, codecStr=PCMU, payload2833=101, modeSet=-1, oaMode=true, isSendOnly=false, sampleRate=8000, priorityCodec=null)}, payloadId=0, isRtpSidMode=false, isAmrCall=true, localPort=10033, dialogState=IDLE_STATE, aiifIp=null, aiifPort=0, aiifInfo=null, aiifSeqNo=0, lastRtpRecvTime=1640315351127, mediaPlayer=media.platform.amf.rtp.media.MediaPlayer@9efeea3, rtpChannelInfo=RtpChannelInfo{usingPort=10033, channel=[id: 0x8521e1d7, L:/172.22.49.168:10033], taskInfo=media.platform.amf.session.TaskInfo@95e63f0}, recordInfo=media.platform.amf.rtp.record.RecordInfo@58b2cb5b, dtmfCollector=media.platform.amf.rtp.dtmf.DtmfCollector@1e8d5ec8, scheduledFuture=java.util.concurrent.ScheduledThreadPoolExecutor$ScheduledFutureTask@5cfc7740[Not completed, task = java.util.concurrent.Executors$RunnableAdapter@68e1314c[Wrapped task = umedia.library.executor.USingleScheduledExecutorService$$Lambda$186/0x000000084029a840@125a8e43]])}], lockAddr=[java.util.concurrent.locks.ReentrantLock@7767deb3[Locked by thread RMQ_CONSUMER_115]] - (StateEventManager.java:223 - com.fsm.event.StateEventManager.nextState)

[2021-12-24 12:09:11.129] [DEBUG] [RMQ_CONSUMER_115] [1002] (808a424a6969ec1e5cb6126bc5a00) Prev State is changed. ([IDLE] > [OFFER]) - (StateUnit.java:163 - com.fsm.unit.StateUnit.setPrevState)

[2021-12-24 12:09:11.129] [DEBUG] [RMQ_CONSUMER_115] [1002] (808a424a6969ec1e5cb6126bc5a00) Cur State is changed. ([OFFER] > [NEGO_REQ]) - (StateUnit.java:140 - com.fsm.unit.StateUnit.setCurState)

[2021-12-24 12:09:11.129] [DEBUG] [RMQ_CONSUMER_115] [>UNLOCK] StateUnit=[StateUnit{name='808a424a6969ec1e5cb6126bc5a00', handlerName='SESSION', prevState='OFFER', curState='NEGO_REQ', nextEventKey='null', successCallBackResult=null, failCallBackResult=null, data=CallInfo(taskId=61c539d7dfb6b66cbc03fb14.S_TASKENGINE_01_B, callId=808a424a6969ec1e5cb6126bc5a00, fromNo=01047507298, toNo=98527, createdTime=1640315351127, outBoundFlag=0, isTraceEnabled=false, peerAddrs=[/172.22.48.134:4772], sdpInfos={audio=SdpInfo(attributes=[media.platform.amf.sdp.SdpAttribute@79a03e2f, media.platform.amf.sdp.SdpAttribute@7d9fb5c3, media.platform.amf.sdp.SdpAttribute@389d3414, media.platform.amf.sdp.SdpAttribute@71c6e7f2], remotePort=4772, localIp=null, localPort=0, remoteIp=172.22.48.134, payloadId=0, codecStr=PCMU, payload2833=101, modeSet=-1, oaMode=true, isSendOnly=false, sampleRate=8000, priorityCodec=null)}, payloadId=0, isRtpSidMode=false, isAmrCall=true, localPort=10033, dialogState=IDLE_STATE, aiifIp=null, aiifPort=0, aiifInfo=null, aiifSeqNo=0, lastRtpRecvTime=1640315351127, mediaPlayer=media.platform.amf.rtp.media.MediaPlayer@9efeea3, rtpChannelInfo=RtpChannelInfo{usingPort=10033, channel=[id: 0x8521e1d7, L:/172.22.49.168:10033], taskInfo=media.platform.amf.session.TaskInfo@95e63f0}, recordInfo=media.platform.amf.rtp.record.RecordInfo@58b2cb5b, dtmfCollector=media.platform.amf.rtp.dtmf.DtmfCollector@1e8d5ec8, scheduledFuture=java.util.concurrent.ScheduledThreadPoolExecutor$ScheduledFutureTask@5cfc7740[Not completed, task = java.util.concurrent.Executors$RunnableAdapter@68e1314c[Wrapped task = umedia.library.executor.USingleScheduledExecutorService$$Lambda$186/0x000000084029a840@125a8e43]])}], lockAddr=[java.util.concurrent.locks.ReentrantLock@7767deb3[Unlocked]] - (StateEventManager.java:261 - com.fsm.event.StateEventManager.nextState)

[2021-12-24 12:09:11.129] [INFO ] [RMQ_CONSUMER_115] (808a424a6969ec1e5cb6126bc5a00) (01047507298) (98527) (61c539d7dfb6b66cbc03fb14.S_TASKENGINE_01_B)  NegoDoneReq: sdp [found] - (RmqProcNegoDoneReq.java:46 - media.platform.amf.rmqif.handler.a2s.RmqProcNegoDoneReq.handle)

[2021-12-24 12:09:11.130] [DEBUG] [RMQ_CONSUMER_115] [LOCK<] StateUnit=[StateUnit{name='808a424a6969ec1e5cb6126bc5a00', handlerName='SESSION', prevState='OFFER', curState='NEGO_REQ', nextEventKey='null', successCallBackResult=null, failCallBackResult=null, data=CallInfo(taskId=61c539d7dfb6b66cbc03fb14.S_TASKENGINE_01_B, callId=808a424a6969ec1e5cb6126bc5a00, fromNo=01047507298, toNo=98527, createdTime=1640315351127, outBoundFlag=0, isTraceEnabled=false, peerAddrs=[/172.22.48.134:4772], sdpInfos={audio=SdpInfo(attributes=[media.platform.amf.sdp.SdpAttribute@79a03e2f, media.platform.amf.sdp.SdpAttribute@7d9fb5c3, media.platform.amf.sdp.SdpAttribute@389d3414, media.platform.amf.sdp.SdpAttribute@71c6e7f2], remotePort=4772, localIp=null, localPort=0, remoteIp=172.22.48.134, payloadId=0, codecStr=PCMU, payload2833=101, modeSet=-1, oaMode=true, isSendOnly=false, sampleRate=8000, priorityCodec=null)}, payloadId=0, isRtpSidMode=false, isAmrCall=true, localPort=10033, dialogState=IDLE_STATE, aiifIp=null, aiifPort=0, aiifInfo=null, aiifSeqNo=0, lastRtpRecvTime=1640315351127, mediaPlayer=media.platform.amf.rtp.media.MediaPlayer@9efeea3, rtpChannelInfo=RtpChannelInfo{usingPort=10033, channel=[id: 0x8521e1d7, L:/172.22.49.168:10033], taskInfo=media.platform.amf.session.TaskInfo@95e63f0}, recordInfo=media.platform.amf.rtp.record.RecordInfo@58b2cb5b, dtmfCollector=media.platform.amf.rtp.dtmf.DtmfCollector@1e8d5ec8, scheduledFuture=java.util.concurrent.ScheduledThreadPoolExecutor$ScheduledFutureTask@5cfc7740[Not completed, task = java.util.concurrent.Executors$RunnableAdapter@68e1314c[Wrapped task = umedia.library.executor.USingleScheduledExecutorService$$Lambda$186/0x000000084029a840@125a8e43]])}], lockAddr=[java.util.concurrent.locks.ReentrantLock@7767deb3[Locked by thread RMQ_CONSUMER_115]] - (StateEventManager.java:223 - com.fsm.event.StateEventManager.nextState)

[2021-12-24 12:09:11.130] [DEBUG] [RMQ_CONSUMER_115] [1002] (808a424a6969ec1e5cb6126bc5a00) Prev State is changed. ([OFFER] > [NEGO_REQ]) - (StateUnit.java:163 - com.fsm.unit.StateUnit.setPrevState)

[2021-12-24 12:09:11.130] [DEBUG] [RMQ_CONSUMER_115] [1002] (808a424a6969ec1e5cb6126bc5a00) Cur State is changed. ([NEGO_REQ] > [NEGO_RES]) - (StateUnit.java:140 - com.fsm.unit.StateUnit.setCurState)

[2021-12-24 12:09:11.130] [DEBUG] [RMQ_CONSUMER_115] [>UNLOCK] StateUnit=[StateUnit{name='808a424a6969ec1e5cb6126bc5a00', handlerName='SESSION', prevState='NEGO_REQ', curState='NEGO_RES', nextEventKey='null', successCallBackResult=null, failCallBackResult=null, data=CallInfo(taskId=61c539d7dfb6b66cbc03fb14.S_TASKENGINE_01_B, callId=808a424a6969ec1e5cb6126bc5a00, fromNo=01047507298, toNo=98527, createdTime=1640315351127, outBoundFlag=0, isTraceEnabled=false, peerAddrs=[/172.22.48.134:4772], sdpInfos={audio=SdpInfo(attributes=[media.platform.amf.sdp.SdpAttribute@79a03e2f, media.platform.amf.sdp.SdpAttribute@7d9fb5c3, media.platform.amf.sdp.SdpAttribute@389d3414, media.platform.amf.sdp.SdpAttribute@71c6e7f2], remotePort=4772, localIp=null, localPort=0, remoteIp=172.22.48.134, payloadId=0, codecStr=PCMU, payload2833=101, modeSet=-1, oaMode=true, isSendOnly=false, sampleRate=8000, priorityCodec=null)}, payloadId=0, isRtpSidMode=false, isAmrCall=true, localPort=10033, dialogState=IDLE_STATE, aiifIp=null, aiifPort=0, aiifInfo=null, aiifSeqNo=0, lastRtpRecvTime=1640315351127, mediaPlayer=media.platform.amf.rtp.media.MediaPlayer@9efeea3, rtpChannelInfo=RtpChannelInfo{usingPort=10033, channel=[id: 0x8521e1d7, L:/172.22.49.168:10033], taskInfo=media.platform.amf.session.TaskInfo@95e63f0}, recordInfo=media.platform.amf.rtp.record.RecordInfo@58b2cb5b, dtmfCollector=media.platform.amf.rtp.dtmf.DtmfCollector@1e8d5ec8, scheduledFuture=java.util.concurrent.ScheduledThreadPoolExecutor$ScheduledFutureTask@5cfc7740[Not completed, task = java.util.concurrent.Executors$RunnableAdapter@68e1314c[Wrapped task = umedia.library.executor.USingleScheduledExecutorService$$Lambda$186/0x000000084029a840@125a8e43]])}], lockAddr=[java.util.concurrent.locks.ReentrantLock@7767deb3[Unlocked]] - (StateEventManager.java:261 - com.fsm.event.StateEventManager.nextState)

[2021-12-24 12:09:11.130] [DEBUG] [RMQ_CONSUMER_115] (808a424a6969ec1e5cb6126bc5a00) (01047507298) (98527) (61c539d7dfb6b66cbc03fb14.S_TASKENGINE_01_B)  Make sdp - (RmqProcNegoDoneRes.java:73 - media.platform.amf.rmqif.handler.a2s.RmqProcNegoDoneRes.send)

[2021-12-24 12:09:11.130] [DEBUG] [RMQ_CONSUMER_115] (808a424a6969ec1e5cb6126bc5a00) (01047507298) (98527) (61c539d7dfb6b66cbc03fb14.S_TASKENGINE_01_B)  Priority codec [0] found - (RmqProcNegoDoneRes.java:283 - media.platform.amf.rmqif.handler.a2s.RmqProcNegoDoneRes.selectSdp)

[2021-12-24 12:09:11.130] [DEBUG] [RMQ_CONSUMER_115] (808a424a6969ec1e5cb6126bc5a00) (01047507298) (98527) (61c539d7dfb6b66cbc03fb14.S_TASKENGINE_01_B)  Select payload [0] codecu] samplerate [8000] - (RmqProcNegoDoneRes.java:298 - media.platform.amf.rmqif.handler.a2s.RmqProcNegoDoneRes.selectSdp)

[2021-12-24 12:09:11.130] [DEBUG] [RMQ_CONSUMER_115] (808a424a6969ec1e5cb6126bc5a00) (01047507298) (98527) (61c539d7dfb6b66cbc03fb14.S_TASKENGINE_01_B)  Select SDP: payload 0 local port 10033 - (RmqProcNegoDoneRes.java:132 - media.platform.amf.rmqif.handler.a2s.RmqProcNegoDoneRes.makeSdp)

[2021-12-24 12:09:11.130] [INFO ] [RMQ_CONSUMER_115] [RMQ MESSAGE] (808a424a6969ec1e5cb6126bc5a00) (01047507298) (98527) (61c539d7dfb6b66cbc03fb14.S_TASKENGINE_01_B) PBX_AMF_0->PBX_A2S:nego_done_res/success json=[{
  "header": {
    "type": "nego_done_res",
    "msgFrom": "PBX_AMF_0",
    "transactionId": "db38a79c-d23a-4090-957e-4d2c98c2d886",
    "reason": "success",
    "reasonCode": 0,
    "timestamp": "2021-12-24 12:09:11.130"
  },
  "body": {
    "in_out_flag": 0,
    "sdp": "v\u003d0\r\no\u003d- 0 0 IN IP4 172.22.49.168\r\ns\u003d-\r\nc\u003dIN IP4 172.22.49.168\r\nt\u003d0 0\r\nm\u003daudio 10033 RTP/AVP 0 101\r\na\u003drtpmap:0 pcmu/8000\r\na\u003drtpmap:101 telephone-event/8000\r\na\u003dsendrecv\r\n",
    "taskId": "61c539d7dfb6b66cbc03fb14.S_TASKENGINE_01_B",
    "callId": "808a424a6969ec1e5cb6126bc5a00"
  }
}] - (RmqOutgoingMessage.java:106 - media.platform.amf.rmqif.handler.base.RmqOutgoingMessage.sendClient)

[2021-12-24 12:09:11.186] [INFO ] [RMQ_CONSUMER_110] [RMQ MESSAGE] (808a424a6969ec1e5cb6126bc5a00) (01047507298) (98527) (61c539d7dfb6b66cbc03fb14.S_TASKENGINE_01_B) PBX_AMF_0<-PBX_AWF:DIALOG_BEGIN_REQ/success json=[{
  "header": {
    "type": "DIALOG_BEGIN_REQ",
    "transactionId": "c34ea38a-742d-496b-a72b-f5a31f0b840c",
    "timeStamp": "2021-12-24 12:09:11.186",
    "msgFrom": "PBX_AWF",
    "trxType": 1
  },
  "body": {
    "taskId": "61c539d7dfb6b66cbc03fb14.S_TASKENGINE_01_B",
    "callId": "808a424a6969ec1e5cb6126bc5a00",
    "aiifIp": "172.22.49.169",
    "aiifPort": 20017
  }
}] - (RmqConsumer.java:93 - media.platform.amf.rmqif.module.RmqConsumer.parseRmqMessage)

[2021-12-24 12:09:11.187] [INFO ] [RMQ_CONSUMER_110] [RMQ MESSAGE] (808a424a6969ec1e5cb6126bc5a00) (01047507298) (98527) (61c539d7dfb6b66cbc03fb14.S_TASKENGINE_01_B) PBX_AMF_0->PBX_AWF:DIALOG_BEGIN_RES/success json=[{
  "header": {
    "type": "DIALOG_BEGIN_RES",
    "msgFrom": "PBX_AMF_0",
    "transactionId": "c34ea38a-742d-496b-a72b-f5a31f0b840c",
    "reasonCode": 0,
    "timestamp": "2021-12-24 12:09:11.187"
  },
  "body": {
    "taskId": "61c539d7dfb6b66cbc03fb14.S_TASKENGINE_01_B",
    "callId": "808a424a6969ec1e5cb6126bc5a00"
  }
}] - (RmqOutgoingMessage.java:106 - media.platform.amf.rmqif.handler.base.RmqOutgoingMessage.sendClient)

[2021-12-24 12:09:11.189] [INFO ] [RMQ_CONSUMER_72] [RMQ MESSAGE] (808a424a6969ec1e5cb6126bc5a00) (01047507298) (98527) (61c539d7dfb6b66cbc03fb14.S_TASKENGINE_01_B) PBX_AMF_0<-PBX_AWF:CALL_RECORD_START_REQ/success json=[{
  "header": {
    "type": "CALL_RECORD_START_REQ",
    "transactionId": "493139df-8d18-4721-a684-9879eb1a9918",
    "timeStamp": "2021-12-24 12:09:11.188",
    "msgFrom": "PBX_AWF",
    "trxType": 1
  },
  "body": {
    "taskId": "61c539d7dfb6b66cbc03fb14.S_TASKENGINE_01_B",
    "callId": "808a424a6969ec1e5cb6126bc5a00",
    "recordFileNameFormat": "$CALLID_$RECORDINGID_$SERVERNAME_$RECDATE_$STARTTIME_$ENDTIME_$DURATION_$CHECKSUM_$SPLITREASON_",
    "recordParams": "{\"RECORDINGID\":\"0\", \"SPLITREASON\":\"A\"}"
  }
}] - (RmqConsumer.java:93 - media.platform.amf.rmqif.module.RmqConsumer.parseRmqMessage)

[2021-12-24 12:09:11.190] [DEBUG] [RMQ_CONSUMER_72] (808a424a6969ec1e5cb6126bc5a00) (01047507298) (98527) (61c539d7dfb6b66cbc03fb14.S_TASKENGINE_01_B)  Record Incoming Open Success. /home/app/amf/raw/in_808a424a6969ec1e5cb6126bc5a00 - (RecordInfo.java:98 - media.platform.amf.rtp.record.RecordInfo.recordStart)

[2021-12-24 12:09:11.190] [DEBUG] [RMQ_CONSUMER_72] (808a424a6969ec1e5cb6126bc5a00) (01047507298) (98527) (61c539d7dfb6b66cbc03fb14.S_TASKENGINE_01_B)  Record OutgoingStream Open Success. /home/app/amf/raw/out_808a424a6969ec1e5cb6126bc5a00 - (RecordInfo.java:101 - media.platform.amf.rtp.record.RecordInfo.recordStart)

[2021-12-24 12:09:11.190] [DEBUG] [RMQ_CONSUMER_72] (808a424a6969ec1e5cb6126bc5a00) (01047507298) (98527) (61c539d7dfb6b66cbc03fb14.S_TASKENGINE_01_B)  Record Start Success. - (RmqProcCallRecordStartReq.java:47 - media.platform.amf.rmqif.handler.awf.RmqProcCallRecordStartReq.handle)

[2021-12-24 12:09:11.190] [INFO ] [RMQ_CONSUMER_72] [RMQ MESSAGE] (808a424a6969ec1e5cb6126bc5a00) (01047507298) (98527) (61c539d7dfb6b66cbc03fb14.S_TASKENGINE_01_B) PBX_AMF_0->PBX_AWF:CALL_RECORD_START_RES/success json=[{
  "header": {
    "type": "CALL_RECORD_START_RES",
    "msgFrom": "PBX_AMF_0",
    "transactionId": "493139df-8d18-4721-a684-9879eb1a9918",
    "reason": "success",
    "reasonCode": 0,
    "timestamp": "2021-12-24 12:09:11.190"
  },
  "body": {
    "taskId": "61c539d7dfb6b66cbc03fb14.S_TASKENGINE_01_B",
    "callId": "808a424a6969ec1e5cb6126bc5a00"
  }
}] - (RmqOutgoingMessage.java:106 - media.platform.amf.rmqif.handler.base.RmqOutgoingMessage.sendClient)

[2021-12-24 12:09:11.295] [INFO ] [RMQ_CONSUMER_102] [RMQ MESSAGE] (808a424a6969ec1e5cb6126bc5a00) (01047507298) (98527) (61c539d7dfb6b66cbc03fb14.S_TASKENGINE_01_B) PBX_AMF_0<-PBX_AWF:MEDIA_PLAY_REQ/success json=[{
  "header": {
    "type": "MEDIA_PLAY_REQ",
    "transactionId": "48365642-0351-4204-a5cf-a9057ed5bdfc",
    "timeStamp": "2021-12-24 12:09:11.294",
    "msgFrom": "PBX_AWF",
    "trxType": 1
  },
  "body": {
    "taskId": "61c539d7dfb6b66cbc03fb14.S_TASKENGINE_01_B",
    "callId": "808a424a6969ec1e5cb6126bc5a00",
    "mediaUri": "http://172.27.10.17/ttsfile/tts_cache/1781940e77b83c6f9f839790cf41f2659703831f.wav",
    "mediaType": 1,
    "minVol": 50,
    "playTime": 0,
    "defVol": 100,
    "channelId": 1
  }
}] - (RmqConsumer.java:93 - media.platform.amf.rmqif.module.RmqConsumer.parseRmqMessage)

[2021-12-24 12:09:11.297] [DEBUG] [RMQ_CONSUMER_102] (808a424a6969ec1e5cb6126bc5a00) (01047507298) (98527) (61c539d7dfb6b66cbc03fb14.S_TASKENGINE_01_B)  Media Play Start. [/home/app/amf/cache/ai_http%3A%2F%2F172.27.10.17%2Fttsfile%2Ftts_cache%2F1781940e77b83c6f9f839790cf41f2659703831f.wav] - (MediaPlayer.java:104 - media.platform.amf.rtp.media.MediaPlayer.play)

[2021-12-24 12:09:11.297] [INFO ] [RMQ_CONSUMER_102] [RMQ MESSAGE] (808a424a6969ec1e5cb6126bc5a00) (01047507298) (98527) (61c539d7dfb6b66cbc03fb14.S_TASKENGINE_01_B) PBX_AMF_0->PBX_AWF:MEDIA_PLAY_RES/success json=[{
  "header": {
    "type": "MEDIA_PLAY_RES",
    "msgFrom": "PBX_AMF_0",
    "transactionId": "48365642-0351-4204-a5cf-a9057ed5bdfc",
    "reason": "success",
    "reasonCode": 0,
    "timestamp": "2021-12-24 12:09:11.297"
  },
  "body": {
    "playTime": 14828,
    "amfIp": "172.22.49.168",
    "amfPort": 10033,
    "taskId": "61c539d7dfb6b66cbc03fb14.S_TASKENGINE_01_B",
    "callId": "808a424a6969ec1e5cb6126bc5a00"
  }
}] - (RmqOutgoingMessage.java:106 - media.platform.amf.rmqif.handler.base.RmqOutgoingMessage.sendClient)

[2021-12-24 12:09:26.127] [INFO ] [UExecutor-18] (808a424a6969ec1e5cb6126bc5a00) (01047507298) (98527) (61c539d7dfb6b66cbc03fb14.S_TASKENGINE_01_B)  MediaPlayDone  - (MediaPlayer.java:136 - media.platform.amf.rtp.media.MediaPlayer.lambda$submitPacket$2)

[2021-12-24 12:09:26.128] [INFO ] [UExecutor-18] [RMQ MESSAGE] (808a424a6969ec1e5cb6126bc5a00) (01047507298) (98527) (61c539d7dfb6b66cbc03fb14.S_TASKENGINE_01_B) PBX_AMF_0->PBX_AWF:MEDIA_PLAY_DONE_REQ/success json=[{
  "header": {
    "type": "MEDIA_PLAY_DONE_REQ",
    "msgFrom": "PBX_AMF_0",
    "transactionId": "d87cc119-b55f-48f8-8205-93baa5342a5d",
    "reasonCode": 0,
    "timestamp": "2021-12-24 12:09:26.128"
  },
  "body": {
    "channelId": 1,
    "taskId": "61c539d7dfb6b66cbc03fb14.S_TASKENGINE_01_B",
    "callId": "808a424a6969ec1e5cb6126bc5a00"
  }
}] - (RmqOutgoingMessage.java:106 - media.platform.amf.rmqif.handler.base.RmqOutgoingMessage.sendClient)

[2021-12-24 12:09:26.128] [INFO ] [RMQ_CONSUMER_78] [RMQ MESSAGE] (808a424a6969ec1e5cb6126bc5a00) (01047507298) (98527) (61c539d7dfb6b66cbc03fb14.S_TASKENGINE_01_B) PBX_AMF_0<-PBX_AWF:MEDIA_PLAY_DONE_RES/OK json=[{
  "header": {
    "type": "MEDIA_PLAY_DONE_RES",
    "transactionId": "d87cc119-b55f-48f8-8205-93baa5342a5d",
    "timeStamp": "2021-12-24 12:09:26.128",
    "msgFrom": "PBX_AWF",
    "trxType": 1,
    "reasonCode": 200,
    "reason": "OK"
  },
  "body": {
    "taskId": "61c539d7dfb6b66cbc03fb14.S_TASKENGINE_01_B",
    "callId": "808a424a6969ec1e5cb6126bc5a00"
  }
}] - (RmqConsumer.java:93 - media.platform.amf.rmqif.module.RmqConsumer.parseRmqMessage)

[2021-12-24 12:09:26.455] [INFO ] [RMQ_CONSUMER_76] [RMQ MESSAGE] (808a424a6969ec1e5cb6126bc5a00) (01047507298) (98527) (61c539d7dfb6b66cbc03fb14.S_TASKENGINE_01_B) PBX_AMF_0<-PBX_AWF:MEDIA_PLAY_REQ/success json=[{
  "header": {
    "type": "MEDIA_PLAY_REQ",
    "transactionId": "09e31ab4-ad58-4476-8f42-a6d7c69f377b",
    "timeStamp": "2021-12-24 12:09:26.454",
    "msgFrom": "PBX_AWF",
    "trxType": 1
  },
  "body": {
    "taskId": "61c539d7dfb6b66cbc03fb14.S_TASKENGINE_01_B",
    "callId": "808a424a6969ec1e5cb6126bc5a00",
    "mediaUri": "http://172.27.10.17/ttsfile?20211224_12/26_266_5940_7c3fbeafd869b46d383439bcf6e60a22d338fe6e.wav",
    "mediaType": 1,
    "minVol": 50,
    "playTime": 0,
    "defVol": 100,
    "channelId": 1
  }
}] - (RmqConsumer.java:93 - media.platform.amf.rmqif.module.RmqConsumer.parseRmqMessage)

[2021-12-24 12:09:26.498] [DEBUG] [RMQ_CONSUMER_76] (808a424a6969ec1e5cb6126bc5a00) (01047507298) (98527) (61c539d7dfb6b66cbc03fb14.S_TASKENGINE_01_B)  Media Play Start. [/home/app/amf/cache/ai_http%3A%2F%2F172.27.10.17%2Fttsfile%3F20211224_12%2F26_266_5940_7c3fbeafd869b46d383439bcf6e60a22d338fe6e.wav] - (MediaPlayer.java:104 - media.platform.amf.rtp.media.MediaPlayer.play)

[2021-12-24 12:09:26.498] [INFO ] [RMQ_CONSUMER_76] [RMQ MESSAGE] (808a424a6969ec1e5cb6126bc5a00) (01047507298) (98527) (61c539d7dfb6b66cbc03fb14.S_TASKENGINE_01_B) PBX_AMF_0->PBX_AWF:MEDIA_PLAY_RES/success json=[{
  "header": {
    "type": "MEDIA_PLAY_RES",
    "msgFrom": "PBX_AMF_0",
    "transactionId": "09e31ab4-ad58-4476-8f42-a6d7c69f377b",
    "reason": "success",
    "reasonCode": 0,
    "timestamp": "2021-12-24 12:09:26.498"
  },
  "body": {
    "playTime": 3976,
    "amfIp": "172.22.49.168",
    "amfPort": 10033,
    "taskId": "61c539d7dfb6b66cbc03fb14.S_TASKENGINE_01_B",
    "callId": "808a424a6969ec1e5cb6126bc5a00"
  }
}] - (RmqOutgoingMessage.java:106 - media.platform.amf.rmqif.handler.base.RmqOutgoingMessage.sendClient)

[2021-12-24 12:09:30.467] [INFO ] [UExecutor-2] (808a424a6969ec1e5cb6126bc5a00) (01047507298) (98527) (61c539d7dfb6b66cbc03fb14.S_TASKENGINE_01_B)  MediaPlayDone  - (MediaPlayer.java:136 - media.platform.amf.rtp.media.MediaPlayer.lambda$submitPacket$2)

[2021-12-24 12:09:30.468] [INFO ] [UExecutor-2] [RMQ MESSAGE] (808a424a6969ec1e5cb6126bc5a00) (01047507298) (98527) (61c539d7dfb6b66cbc03fb14.S_TASKENGINE_01_B) PBX_AMF_0->PBX_AWF:MEDIA_PLAY_DONE_REQ/success json=[{
  "header": {
    "type": "MEDIA_PLAY_DONE_REQ",
    "msgFrom": "PBX_AMF_0",
    "transactionId": "d0fe57ec-13d6-4a17-aac1-d539612c3b3f",
    "reasonCode": 0,
    "timestamp": "2021-12-24 12:09:30.467"
  },
  "body": {
    "channelId": 1,
    "taskId": "61c539d7dfb6b66cbc03fb14.S_TASKENGINE_01_B",
    "callId": "808a424a6969ec1e5cb6126bc5a00"
  }
}] - (RmqOutgoingMessage.java:106 - media.platform.amf.rmqif.handler.base.RmqOutgoingMessage.sendClient)

[2021-12-24 12:09:30.471] [INFO ] [RMQ_CONSUMER_15] [RMQ MESSAGE] (808a424a6969ec1e5cb6126bc5a00) (01047507298) (98527) (61c539d7dfb6b66cbc03fb14.S_TASKENGINE_01_B) PBX_AMF_0<-PBX_AWF:MEDIA_PLAY_DONE_RES/OK json=[{
  "header": {
    "type": "MEDIA_PLAY_DONE_RES",
    "transactionId": "d0fe57ec-13d6-4a17-aac1-d539612c3b3f",
    "timeStamp": "2021-12-24 12:09:30.471",
    "msgFrom": "PBX_AWF",
    "trxType": 1,
    "reasonCode": 200,
    "reason": "OK"
  },
  "body": {
    "taskId": "61c539d7dfb6b66cbc03fb14.S_TASKENGINE_01_B",
    "callId": "808a424a6969ec1e5cb6126bc5a00"
  }
}] - (RmqConsumer.java:93 - media.platform.amf.rmqif.module.RmqConsumer.parseRmqMessage)

[2021-12-24 12:09:34.437] [INFO ] [RMQ_CONSUMER_107] [RMQ MESSAGE] (808a424a6969ec1e5cb6126bc5a00) (01047507298) (98527) (61c539d7dfb6b66cbc03fb14.S_TASKENGINE_01_B) PBX_AMF_0<-PBX_AWF:MEDIA_PLAY_REQ/success json=[{
  "header": {
    "type": "MEDIA_PLAY_REQ",
    "transactionId": "9bf609e0-586b-4092-9cc6-f15c0d55fd03",
    "timeStamp": "2021-12-24 12:09:34.436",
    "msgFrom": "PBX_AWF",
    "trxType": 1
  },
  "body": {
    "taskId": "61c539d7dfb6b66cbc03fb14.S_TASKENGINE_01_B",
    "callId": "808a424a6969ec1e5cb6126bc5a00",
    "mediaUri": "http://172.27.10.17/ttsfile/tts_cache/59304564a95cef62bcd812d258e3c547c06f145c.wav",
    "mediaType": 1,
    "minVol": 50,
    "playTime": 0,
    "defVol": 100,
    "channelId": 1
  }
}] - (RmqConsumer.java:93 - media.platform.amf.rmqif.module.RmqConsumer.parseRmqMessage)

[2021-12-24 12:09:34.438] [DEBUG] [RMQ_CONSUMER_107] (808a424a6969ec1e5cb6126bc5a00) (01047507298) (98527) (61c539d7dfb6b66cbc03fb14.S_TASKENGINE_01_B)  Media Play Start. [/home/app/amf/cache/ai_http%3A%2F%2F172.27.10.17%2Fttsfile%2Ftts_cache%2F59304564a95cef62bcd812d258e3c547c06f145c.wav] - (MediaPlayer.java:104 - media.platform.amf.rtp.media.MediaPlayer.play)

[2021-12-24 12:09:34.438] [INFO ] [RMQ_CONSUMER_107] [RMQ MESSAGE] (808a424a6969ec1e5cb6126bc5a00) (01047507298) (98527) (61c539d7dfb6b66cbc03fb14.S_TASKENGINE_01_B) PBX_AMF_0->PBX_AWF:MEDIA_PLAY_RES/success json=[{
  "header": {
    "type": "MEDIA_PLAY_RES",
    "msgFrom": "PBX_AMF_0",
    "transactionId": "9bf609e0-586b-4092-9cc6-f15c0d55fd03",
    "reason": "success",
    "reasonCode": 0,
    "timestamp": "2021-12-24 12:09:34.438"
  },
  "body": {
    "playTime": 5548,
    "amfIp": "172.22.49.168",
    "amfPort": 10033,
    "taskId": "61c539d7dfb6b66cbc03fb14.S_TASKENGINE_01_B",
    "callId": "808a424a6969ec1e5cb6126bc5a00"
  }
}] - (RmqOutgoingMessage.java:106 - media.platform.amf.rmqif.handler.base.RmqOutgoingMessage.sendClient)

[2021-12-24 12:09:39.987] [INFO ] [UExecutor-12] (808a424a6969ec1e5cb6126bc5a00) (01047507298) (98527) (61c539d7dfb6b66cbc03fb14.S_TASKENGINE_01_B)  MediaPlayDone  - (MediaPlayer.java:136 - media.platform.amf.rtp.media.MediaPlayer.lambda$submitPacket$2)

[2021-12-24 12:09:39.988] [INFO ] [UExecutor-12] [RMQ MESSAGE] (808a424a6969ec1e5cb6126bc5a00) (01047507298) (98527) (61c539d7dfb6b66cbc03fb14.S_TASKENGINE_01_B) PBX_AMF_0->PBX_AWF:MEDIA_PLAY_DONE_REQ/success json=[{
  "header": {
    "type": "MEDIA_PLAY_DONE_REQ",
    "msgFrom": "PBX_AMF_0",
    "transactionId": "9dbd83e4-e70f-481d-b9bf-f2d70f9d8a30",
    "reasonCode": 0,
    "timestamp": "2021-12-24 12:09:39.988"
  },
  "body": {
    "channelId": 1,
    "taskId": "61c539d7dfb6b66cbc03fb14.S_TASKENGINE_01_B",
    "callId": "808a424a6969ec1e5cb6126bc5a00"
  }
}] - (RmqOutgoingMessage.java:106 - media.platform.amf.rmqif.handler.base.RmqOutgoingMessage.sendClient)

[2021-12-24 12:09:39.989] [INFO ] [RMQ_CONSUMER_84] [RMQ MESSAGE] (808a424a6969ec1e5cb6126bc5a00) (01047507298) (98527) (61c539d7dfb6b66cbc03fb14.S_TASKENGINE_01_B) PBX_AMF_0<-PBX_AWF:MEDIA_PLAY_DONE_RES/OK json=[{
  "header": {
    "type": "MEDIA_PLAY_DONE_RES",
    "transactionId": "9dbd83e4-e70f-481d-b9bf-f2d70f9d8a30",
    "timeStamp": "2021-12-24 12:09:39.988",
    "msgFrom": "PBX_AWF",
    "trxType": 1,
    "reasonCode": 200,
    "reason": "OK"
  },
  "body": {
    "taskId": "61c539d7dfb6b66cbc03fb14.S_TASKENGINE_01_B",
    "callId": "808a424a6969ec1e5cb6126bc5a00"
  }
}] - (RmqConsumer.java:93 - media.platform.amf.rmqif.module.RmqConsumer.parseRmqMessage)

[2021-12-24 12:09:40.299] [INFO ] [RMQ_CONSUMER_84] [RMQ MESSAGE] (808a424a6969ec1e5cb6126bc5a00) (01047507298) (98527) (61c539d7dfb6b66cbc03fb14.S_TASKENGINE_01_B) PBX_AMF_0<-PBX_AWF:MEDIA_PLAY_REQ/success json=[{
  "header": {
    "type": "MEDIA_PLAY_REQ",
    "transactionId": "23c25f05-258e-4f18-a5ae-0c5d7060daab",
    "timeStamp": "2021-12-24 12:09:40.299",
    "msgFrom": "PBX_AWF",
    "trxType": 1
  },
  "body": {
    "taskId": "61c539d7dfb6b66cbc03fb14.S_TASKENGINE_01_B",
    "callId": "808a424a6969ec1e5cb6126bc5a00",
    "mediaUri": "http://172.27.10.17/ttsfile?20211224_12/40_010_28930_7f103f26da66636350c1fa28fb8c29f7c441ea0c.wav",
    "mediaType": 1,
    "minVol": 50,
    "playTime": 0,
    "defVol": 100,
    "channelId": 1
  }
}] - (RmqConsumer.java:93 - media.platform.amf.rmqif.module.RmqConsumer.parseRmqMessage)

[2021-12-24 12:09:40.343] [DEBUG] [RMQ_CONSUMER_84] (808a424a6969ec1e5cb6126bc5a00) (01047507298) (98527) (61c539d7dfb6b66cbc03fb14.S_TASKENGINE_01_B)  Media Play Start. [/home/app/amf/cache/ai_http%3A%2F%2F172.27.10.17%2Fttsfile%3F20211224_12%2F40_010_28930_7f103f26da66636350c1fa28fb8c29f7c441ea0c.wav] - (MediaPlayer.java:104 - media.platform.amf.rtp.media.MediaPlayer.play)

[2021-12-24 12:09:40.343] [INFO ] [RMQ_CONSUMER_84] [RMQ MESSAGE] (808a424a6969ec1e5cb6126bc5a00) (01047507298) (98527) (61c539d7dfb6b66cbc03fb14.S_TASKENGINE_01_B) PBX_AMF_0->PBX_AWF:MEDIA_PLAY_RES/success json=[{
  "header": {
    "type": "MEDIA_PLAY_RES",
    "msgFrom": "PBX_AMF_0",
    "transactionId": "23c25f05-258e-4f18-a5ae-0c5d7060daab",
    "reason": "success",
    "reasonCode": 0,
    "timestamp": "2021-12-24 12:09:40.343"
  },
  "body": {
    "playTime": 7505,
    "amfIp": "172.22.49.168",
    "amfPort": 10033,
    "taskId": "61c539d7dfb6b66cbc03fb14.S_TASKENGINE_01_B",
    "callId": "808a424a6969ec1e5cb6126bc5a00"
  }
}] - (RmqOutgoingMessage.java:106 - media.platform.amf.rmqif.handler.base.RmqOutgoingMessage.sendClient)

[2021-12-24 12:09:47.847] [INFO ] [UExecutor-20] (808a424a6969ec1e5cb6126bc5a00) (01047507298) (98527) (61c539d7dfb6b66cbc03fb14.S_TASKENGINE_01_B)  MediaPlayDone  - (MediaPlayer.java:136 - media.platform.amf.rtp.media.MediaPlayer.lambda$submitPacket$2)

[2021-12-24 12:09:47.848] [INFO ] [UExecutor-20] [RMQ MESSAGE] (808a424a6969ec1e5cb6126bc5a00) (01047507298) (98527) (61c539d7dfb6b66cbc03fb14.S_TASKENGINE_01_B) PBX_AMF_0->PBX_AWF:MEDIA_PLAY_DONE_REQ/success json=[{
  "header": {
    "type": "MEDIA_PLAY_DONE_REQ",
    "msgFrom": "PBX_AMF_0",
    "transactionId": "a1657f66-60a1-44a9-9f5b-700799e57abf",
    "reasonCode": 0,
    "timestamp": "2021-12-24 12:09:47.848"
  },
  "body": {
    "channelId": 1,
    "taskId": "61c539d7dfb6b66cbc03fb14.S_TASKENGINE_01_B",
    "callId": "808a424a6969ec1e5cb6126bc5a00"
  }
}] - (RmqOutgoingMessage.java:106 - media.platform.amf.rmqif.handler.base.RmqOutgoingMessage.sendClient)

[2021-12-24 12:09:47.856] [INFO ] [RMQ_CONSUMER_63] [RMQ MESSAGE] (808a424a6969ec1e5cb6126bc5a00) (01047507298) (98527) (61c539d7dfb6b66cbc03fb14.S_TASKENGINE_01_B) PBX_AMF_0<-PBX_AWF:MEDIA_PLAY_DONE_RES/OK json=[{
  "header": {
    "type": "MEDIA_PLAY_DONE_RES",
    "transactionId": "a1657f66-60a1-44a9-9f5b-700799e57abf",
    "timeStamp": "2021-12-24 12:09:47.855",
    "msgFrom": "PBX_AWF",
    "trxType": 1,
    "reasonCode": 200,
    "reason": "OK"
  },
  "body": {
    "taskId": "61c539d7dfb6b66cbc03fb14.S_TASKENGINE_01_B",
    "callId": "808a424a6969ec1e5cb6126bc5a00"
  }
}] - (RmqConsumer.java:93 - media.platform.amf.rmqif.module.RmqConsumer.parseRmqMessage)

[2021-12-24 12:09:49.647] [INFO ] [RMQ_CONSUMER_74] [RMQ MESSAGE] (808a424a6969ec1e5cb6126bc5a00) (01047507298) (98527) (61c539d7dfb6b66cbc03fb14.S_TASKENGINE_01_B) PBX_AMF_0<-PBX_AWF:MEDIA_PLAY_REQ/success json=[{
  "header": {
    "type": "MEDIA_PLAY_REQ",
    "transactionId": "af40eaf7-09ac-4abd-8299-89aa09ab413e",
    "timeStamp": "2021-12-24 12:09:49.647",
    "msgFrom": "PBX_AWF",
    "trxType": 1
  },
  "body": {
    "taskId": "61c539d7dfb6b66cbc03fb14.S_TASKENGINE_01_B",
    "callId": "808a424a6969ec1e5cb6126bc5a00",
    "mediaUri": "http://172.27.10.17/ttsfile/tts_cache/ab04fefe475d4cabce42d06ce473832e48def1d7.wav",
    "mediaType": 1,
    "minVol": 50,
    "playTime": 0,
    "defVol": 100,
    "channelId": 1
  }
}] - (RmqConsumer.java:93 - media.platform.amf.rmqif.module.RmqConsumer.parseRmqMessage)

[2021-12-24 12:09:49.648] [DEBUG] [RMQ_CONSUMER_74] (808a424a6969ec1e5cb6126bc5a00) (01047507298) (98527) (61c539d7dfb6b66cbc03fb14.S_TASKENGINE_01_B)  Media Play Start. [/home/app/amf/cache/ai_http%3A%2F%2F172.27.10.17%2Fttsfile%2Ftts_cache%2Fab04fefe475d4cabce42d06ce473832e48def1d7.wav] - (MediaPlayer.java:104 - media.platform.amf.rtp.media.MediaPlayer.play)

[2021-12-24 12:09:49.648] [INFO ] [RMQ_CONSUMER_74] [RMQ MESSAGE] (808a424a6969ec1e5cb6126bc5a00) (01047507298) (98527) (61c539d7dfb6b66cbc03fb14.S_TASKENGINE_01_B) PBX_AMF_0->PBX_AWF:MEDIA_PLAY_RES/success json=[{
  "header": {
    "type": "MEDIA_PLAY_RES",
    "msgFrom": "PBX_AMF_0",
    "transactionId": "af40eaf7-09ac-4abd-8299-89aa09ab413e",
    "reason": "success",
    "reasonCode": 0,
    "timestamp": "2021-12-24 12:09:49.648"
  },
  "body": {
    "playTime": 2309,
    "amfIp": "172.22.49.168",
    "amfPort": 10033,
    "taskId": "61c539d7dfb6b66cbc03fb14.S_TASKENGINE_01_B",
    "callId": "808a424a6969ec1e5cb6126bc5a00"
  }
}] - (RmqOutgoingMessage.java:106 - media.platform.amf.rmqif.handler.base.RmqOutgoingMessage.sendClient)

[2021-12-24 12:09:51.967] [INFO ] [UExecutor-23] (808a424a6969ec1e5cb6126bc5a00) (01047507298) (98527) (61c539d7dfb6b66cbc03fb14.S_TASKENGINE_01_B)  MediaPlayDone  - (MediaPlayer.java:136 - media.platform.amf.rtp.media.MediaPlayer.lambda$submitPacket$2)

[2021-12-24 12:09:51.968] [INFO ] [UExecutor-23] [RMQ MESSAGE] (808a424a6969ec1e5cb6126bc5a00) (01047507298) (98527) (61c539d7dfb6b66cbc03fb14.S_TASKENGINE_01_B) PBX_AMF_0->PBX_AWF:MEDIA_PLAY_DONE_REQ/success json=[{
  "header": {
    "type": "MEDIA_PLAY_DONE_REQ",
    "msgFrom": "PBX_AMF_0",
    "transactionId": "112db97a-a4be-4720-8ff9-815552cee7c9",
    "reasonCode": 0,
    "timestamp": "2021-12-24 12:09:51.968"
  },
  "body": {
    "channelId": 1,
    "taskId": "61c539d7dfb6b66cbc03fb14.S_TASKENGINE_01_B",
    "callId": "808a424a6969ec1e5cb6126bc5a00"
  }
}] - (RmqOutgoingMessage.java:106 - media.platform.amf.rmqif.handler.base.RmqOutgoingMessage.sendClient)

[2021-12-24 12:09:51.969] [INFO ] [RMQ_CONSUMER_89] [RMQ MESSAGE] (808a424a6969ec1e5cb6126bc5a00) (01047507298) (98527) (61c539d7dfb6b66cbc03fb14.S_TASKENGINE_01_B) PBX_AMF_0<-PBX_AWF:MEDIA_PLAY_DONE_RES/OK json=[{
  "header": {
    "type": "MEDIA_PLAY_DONE_RES",
    "transactionId": "112db97a-a4be-4720-8ff9-815552cee7c9",
    "timeStamp": "2021-12-24 12:09:51.969",
    "msgFrom": "PBX_AWF",
    "trxType": 1,
    "reasonCode": 200,
    "reason": "OK"
  },
  "body": {
    "taskId": "61c539d7dfb6b66cbc03fb14.S_TASKENGINE_01_B",
    "callId": "808a424a6969ec1e5cb6126bc5a00"
  }
}] - (RmqConsumer.java:93 - media.platform.amf.rmqif.module.RmqConsumer.parseRmqMessage)

[2021-12-24 12:09:52.118] [INFO ] [RMQ_CONSUMER_83] [RMQ MESSAGE] (808a424a6969ec1e5cb6126bc5a00) (01047507298) (98527) (61c539d7dfb6b66cbc03fb14.S_TASKENGINE_01_B) PBX_AMF_0<-PBX_AWF:MEDIA_PLAY_REQ/success json=[{
  "header": {
    "type": "MEDIA_PLAY_REQ",
    "transactionId": "6b683360-48db-4a72-a637-31fb10f9bf70",
    "timeStamp": "2021-12-24 12:09:52.118",
    "msgFrom": "PBX_AWF",
    "trxType": 1
  },
  "body": {
    "taskId": "61c539d7dfb6b66cbc03fb14.S_TASKENGINE_01_B",
    "callId": "808a424a6969ec1e5cb6126bc5a00",
    "mediaUri": "http://172.27.10.17/ttsfile?20211224_12/51_979_58619_7a83042baf4c38879b2f038a30d8f189f3ab69f7.wav",
    "mediaType": 1,
    "minVol": 50,
    "playTime": 0,
    "defVol": 100,
    "channelId": 1
  }
}] - (RmqConsumer.java:93 - media.platform.amf.rmqif.module.RmqConsumer.parseRmqMessage)

[2021-12-24 12:09:52.150] [DEBUG] [RMQ_CONSUMER_83] (808a424a6969ec1e5cb6126bc5a00) (01047507298) (98527) (61c539d7dfb6b66cbc03fb14.S_TASKENGINE_01_B)  Media Play Start. [/home/app/amf/cache/ai_http%3A%2F%2F172.27.10.17%2Fttsfile%3F20211224_12%2F51_979_58619_7a83042baf4c38879b2f038a30d8f189f3ab69f7.wav] - (MediaPlayer.java:104 - media.platform.amf.rtp.media.MediaPlayer.play)

[2021-12-24 12:09:52.150] [INFO ] [RMQ_CONSUMER_83] [RMQ MESSAGE] (808a424a6969ec1e5cb6126bc5a00) (01047507298) (98527) (61c539d7dfb6b66cbc03fb14.S_TASKENGINE_01_B) PBX_AMF_0->PBX_AWF:MEDIA_PLAY_RES/success json=[{
  "header": {
    "type": "MEDIA_PLAY_RES",
    "msgFrom": "PBX_AMF_0",
    "transactionId": "6b683360-48db-4a72-a637-31fb10f9bf70",
    "reason": "success",
    "reasonCode": 0,
    "timestamp": "2021-12-24 12:09:52.150"
  },
  "body": {
    "playTime": 2873,
    "amfIp": "172.22.49.168",
    "amfPort": 10033,
    "taskId": "61c539d7dfb6b66cbc03fb14.S_TASKENGINE_01_B",
    "callId": "808a424a6969ec1e5cb6126bc5a00"
  }
}] - (RmqOutgoingMessage.java:106 - media.platform.amf.rmqif.handler.base.RmqOutgoingMessage.sendClient)

[2021-12-24 12:09:55.027] [INFO ] [UExecutor-2] (808a424a6969ec1e5cb6126bc5a00) (01047507298) (98527) (61c539d7dfb6b66cbc03fb14.S_TASKENGINE_01_B)  MediaPlayDone  - (MediaPlayer.java:136 - media.platform.amf.rtp.media.MediaPlayer.lambda$submitPacket$2)

[2021-12-24 12:09:55.027] [INFO ] [UExecutor-2] [RMQ MESSAGE] (808a424a6969ec1e5cb6126bc5a00) (01047507298) (98527) (61c539d7dfb6b66cbc03fb14.S_TASKENGINE_01_B) PBX_AMF_0->PBX_AWF:MEDIA_PLAY_DONE_REQ/success json=[{
  "header": {
    "type": "MEDIA_PLAY_DONE_REQ",
    "msgFrom": "PBX_AMF_0",
    "transactionId": "5db493b4-9dd9-4048-917e-e75a9ab28e58",
    "reasonCode": 0,
    "timestamp": "2021-12-24 12:09:55.027"
  },
  "body": {
    "channelId": 1,
    "taskId": "61c539d7dfb6b66cbc03fb14.S_TASKENGINE_01_B",
    "callId": "808a424a6969ec1e5cb6126bc5a00"
  }
}] - (RmqOutgoingMessage.java:106 - media.platform.amf.rmqif.handler.base.RmqOutgoingMessage.sendClient)

[2021-12-24 12:09:55.028] [INFO ] [RMQ_CONSUMER_75] [RMQ MESSAGE] (808a424a6969ec1e5cb6126bc5a00) (01047507298) (98527) (61c539d7dfb6b66cbc03fb14.S_TASKENGINE_01_B) PBX_AMF_0<-PBX_AWF:MEDIA_PLAY_DONE_RES/OK json=[{
  "header": {
    "type": "MEDIA_PLAY_DONE_RES",
    "transactionId": "5db493b4-9dd9-4048-917e-e75a9ab28e58",
    "timeStamp": "2021-12-24 12:09:55.028",
    "msgFrom": "PBX_AWF",
    "trxType": 1,
    "reasonCode": 200,
    "reason": "OK"
  },
  "body": {
    "taskId": "61c539d7dfb6b66cbc03fb14.S_TASKENGINE_01_B",
    "callId": "808a424a6969ec1e5cb6126bc5a00"
  }
}] - (RmqConsumer.java:93 - media.platform.amf.rmqif.module.RmqConsumer.parseRmqMessage)

[2021-12-24 12:09:59.446] [INFO ] [RMQ_CONSUMER_36] [RMQ MESSAGE] (808a424a6969ec1e5cb6126bc5a00) (01047507298) (98527) (61c539d7dfb6b66cbc03fb14.S_TASKENGINE_01_B) PBX_AMF_0<-PBX_AWF:MEDIA_PLAY_REQ/success json=[{
  "header": {
    "type": "MEDIA_PLAY_REQ",
    "transactionId": "3a8ee702-390f-41a4-9fdf-8da71cd76933",
    "timeStamp": "2021-12-24 12:09:59.446",
    "msgFrom": "PBX_AWF",
    "trxType": 1
  },
  "body": {
    "taskId": "61c539d7dfb6b66cbc03fb14.S_TASKENGINE_01_B",
    "callId": "808a424a6969ec1e5cb6126bc5a00",
    "mediaUri": "http://172.27.10.17/ttsfile?20211224_12/58_491_58619_403a3c3a3aec6015837a9ca7cdf1ea6270e6f7d2.wav",
    "mediaType": 1,
    "minVol": 50,
    "playTime": 0,
    "defVol": 100,
    "channelId": 1
  }
}] - (RmqConsumer.java:93 - media.platform.amf.rmqif.module.RmqConsumer.parseRmqMessage)

[2021-12-24 12:09:59.521] [DEBUG] [RMQ_CONSUMER_36] (808a424a6969ec1e5cb6126bc5a00) (01047507298) (98527) (61c539d7dfb6b66cbc03fb14.S_TASKENGINE_01_B)  Media Play Start. [/home/app/amf/cache/ai_http%3A%2F%2F172.27.10.17%2Fttsfile%3F20211224_12%2F58_491_58619_403a3c3a3aec6015837a9ca7cdf1ea6270e6f7d2.wav] - (MediaPlayer.java:104 - media.platform.amf.rtp.media.MediaPlayer.play)

[2021-12-24 12:09:59.521] [INFO ] [RMQ_CONSUMER_36] [RMQ MESSAGE] (808a424a6969ec1e5cb6126bc5a00) (01047507298) (98527) (61c539d7dfb6b66cbc03fb14.S_TASKENGINE_01_B) PBX_AMF_0->PBX_AWF:MEDIA_PLAY_RES/success json=[{
  "header": {
    "type": "MEDIA_PLAY_RES",
    "msgFrom": "PBX_AMF_0",
    "transactionId": "3a8ee702-390f-41a4-9fdf-8da71cd76933",
    "reason": "success",
    "reasonCode": 0,
    "timestamp": "2021-12-24 12:09:59.521"
  },
  "body": {
    "playTime": 26898,
    "amfIp": "172.22.49.168",
    "amfPort": 10033,
    "taskId": "61c539d7dfb6b66cbc03fb14.S_TASKENGINE_01_B",
    "callId": "808a424a6969ec1e5cb6126bc5a00"
  }
}] - (RmqOutgoingMessage.java:106 - media.platform.amf.rmqif.handler.base.RmqOutgoingMessage.sendClient)

[2021-12-24 12:10:26.407] [INFO ] [UExecutor-25] (808a424a6969ec1e5cb6126bc5a00) (01047507298) (98527) (61c539d7dfb6b66cbc03fb14.S_TASKENGINE_01_B)  MediaPlayDone  - (MediaPlayer.java:136 - media.platform.amf.rtp.media.MediaPlayer.lambda$submitPacket$2)

[2021-12-24 12:10:26.408] [INFO ] [UExecutor-25] [RMQ MESSAGE] (808a424a6969ec1e5cb6126bc5a00) (01047507298) (98527) (61c539d7dfb6b66cbc03fb14.S_TASKENGINE_01_B) PBX_AMF_0->PBX_AWF:MEDIA_PLAY_DONE_REQ/success json=[{
  "header": {
    "type": "MEDIA_PLAY_DONE_REQ",
    "msgFrom": "PBX_AMF_0",
    "transactionId": "d8fb23ff-d5d5-4a43-9328-832580c0ee16",
    "reasonCode": 0,
    "timestamp": "2021-12-24 12:10:26.408"
  },
  "body": {
    "channelId": 1,
    "taskId": "61c539d7dfb6b66cbc03fb14.S_TASKENGINE_01_B",
    "callId": "808a424a6969ec1e5cb6126bc5a00"
  }
}] - (RmqOutgoingMessage.java:106 - media.platform.amf.rmqif.handler.base.RmqOutgoingMessage.sendClient)

[2021-12-24 12:10:26.415] [INFO ] [RMQ_CONSUMER_72] [RMQ MESSAGE] (808a424a6969ec1e5cb6126bc5a00) (01047507298) (98527) (61c539d7dfb6b66cbc03fb14.S_TASKENGINE_01_B) PBX_AMF_0<-PBX_AWF:MEDIA_PLAY_DONE_RES/OK json=[{
  "header": {
    "type": "MEDIA_PLAY_DONE_RES",
    "transactionId": "d8fb23ff-d5d5-4a43-9328-832580c0ee16",
    "timeStamp": "2021-12-24 12:10:26.414",
    "msgFrom": "PBX_AWF",
    "trxType": 1,
    "reasonCode": 200,
    "reason": "OK"
  },
  "body": {
    "taskId": "61c539d7dfb6b66cbc03fb14.S_TASKENGINE_01_B",
    "callId": "808a424a6969ec1e5cb6126bc5a00"
  }
}] - (RmqConsumer.java:93 - media.platform.amf.rmqif.module.RmqConsumer.parseRmqMessage)

[2021-12-24 12:10:28.031] [INFO ] [RMQ_CONSUMER_31] [RMQ MESSAGE] (808a424a6969ec1e5cb6126bc5a00) (01047507298) (98527) (61c539d7dfb6b66cbc03fb14.S_TASKENGINE_01_B) PBX_AMF_0<-PBX_AWF:MEDIA_PLAY_REQ/success json=[{
  "header": {
    "type": "MEDIA_PLAY_REQ",
    "transactionId": "70c38aac-3efb-4666-900b-c574cc909ba2",
    "timeStamp": "2021-12-24 12:10:28.030",
    "msgFrom": "PBX_AWF",
    "trxType": 1
  },
  "body": {
    "taskId": "61c539d7dfb6b66cbc03fb14.S_TASKENGINE_01_B",
    "callId": "808a424a6969ec1e5cb6126bc5a00",
    "mediaUri": "http://172.27.10.17/ttsfile/tts_cache/1b2f858474d1c266a27d16153483904ecdac7ba6.wav",
    "mediaType": 1,
    "minVol": 50,
    "playTime": 0,
    "defVol": 100,
    "channelId": 1
  }
}] - (RmqConsumer.java:93 - media.platform.amf.rmqif.module.RmqConsumer.parseRmqMessage)

[2021-12-24 12:10:28.069] [DEBUG] [RMQ_CONSUMER_31] (808a424a6969ec1e5cb6126bc5a00) (01047507298) (98527) (61c539d7dfb6b66cbc03fb14.S_TASKENGINE_01_B)  Media Play Start. [/home/app/amf/cache/ai_http%3A%2F%2F172.27.10.17%2Fttsfile%2Ftts_cache%2F1b2f858474d1c266a27d16153483904ecdac7ba6.wav] - (MediaPlayer.java:104 - media.platform.amf.rtp.media.MediaPlayer.play)

[2021-12-24 12:10:28.069] [INFO ] [RMQ_CONSUMER_31] [RMQ MESSAGE] (808a424a6969ec1e5cb6126bc5a00) (01047507298) (98527) (61c539d7dfb6b66cbc03fb14.S_TASKENGINE_01_B) PBX_AMF_0->PBX_AWF:MEDIA_PLAY_RES/success json=[{
  "header": {
    "type": "MEDIA_PLAY_RES",
    "msgFrom": "PBX_AMF_0",
    "transactionId": "70c38aac-3efb-4666-900b-c574cc909ba2",
    "reason": "success",
    "reasonCode": 0,
    "timestamp": "2021-12-24 12:10:28.069"
  },
  "body": {
    "playTime": 4549,
    "amfIp": "172.22.49.168",
    "amfPort": 10033,
    "taskId": "61c539d7dfb6b66cbc03fb14.S_TASKENGINE_01_B",
    "callId": "808a424a6969ec1e5cb6126bc5a00"
  }
}] - (RmqOutgoingMessage.java:106 - media.platform.amf.rmqif.handler.base.RmqOutgoingMessage.sendClient)

[2021-12-24 12:10:32.627] [INFO ] [UExecutor-33] (808a424a6969ec1e5cb6126bc5a00) (01047507298) (98527) (61c539d7dfb6b66cbc03fb14.S_TASKENGINE_01_B)  MediaPlayDone  - (MediaPlayer.java:136 - media.platform.amf.rtp.media.MediaPlayer.lambda$submitPacket$2)

[2021-12-24 12:10:32.628] [INFO ] [UExecutor-33] [RMQ MESSAGE] (808a424a6969ec1e5cb6126bc5a00) (01047507298) (98527) (61c539d7dfb6b66cbc03fb14.S_TASKENGINE_01_B) PBX_AMF_0->PBX_AWF:MEDIA_PLAY_DONE_REQ/success json=[{
  "header": {
    "type": "MEDIA_PLAY_DONE_REQ",
    "msgFrom": "PBX_AMF_0",
    "transactionId": "ba2cd354-6a68-44ea-8b57-b1714e0aad98",
    "reasonCode": 0,
    "timestamp": "2021-12-24 12:10:32.627"
  },
  "body": {
    "channelId": 1,
    "taskId": "61c539d7dfb6b66cbc03fb14.S_TASKENGINE_01_B",
    "callId": "808a424a6969ec1e5cb6126bc5a00"
  }
}] - (RmqOutgoingMessage.java:106 - media.platform.amf.rmqif.handler.base.RmqOutgoingMessage.sendClient)

[2021-12-24 12:10:32.646] [INFO ] [RMQ_CONSUMER_65] [RMQ MESSAGE] (808a424a6969ec1e5cb6126bc5a00) (01047507298) (98527) (61c539d7dfb6b66cbc03fb14.S_TASKENGINE_01_B) PBX_AMF_0<-PBX_AWF:MEDIA_PLAY_DONE_RES/OK json=[{
  "header": {
    "type": "MEDIA_PLAY_DONE_RES",
    "transactionId": "ba2cd354-6a68-44ea-8b57-b1714e0aad98",
    "timeStamp": "2021-12-24 12:10:32.645",
    "msgFrom": "PBX_AWF",
    "trxType": 1,
    "reasonCode": 200,
    "reason": "OK"
  },
  "body": {
    "taskId": "61c539d7dfb6b66cbc03fb14.S_TASKENGINE_01_B",
    "callId": "808a424a6969ec1e5cb6126bc5a00"
  }
}] - (RmqConsumer.java:93 - media.platform.amf.rmqif.module.RmqConsumer.parseRmqMessage)

[2021-12-24 12:10:32.668] [INFO ] [RMQ_CONSUMER_124] [RMQ MESSAGE] (808a424a6969ec1e5cb6126bc5a00) (01047507298) (98527) (61c539d7dfb6b66cbc03fb14.S_TASKENGINE_01_B) PBX_AMF_0<-PBX_AWF:MEDIA_PLAY_REQ/success json=[{
  "header": {
    "type": "MEDIA_PLAY_REQ",
    "transactionId": "0c7e3998-bb2d-4a8b-838b-bd8d9003a8d8",
    "timeStamp": "2021-12-24 12:10:32.668",
    "msgFrom": "PBX_AWF",
    "trxType": 1
  },
  "body": {
    "taskId": "61c539d7dfb6b66cbc03fb14.S_TASKENGINE_01_B",
    "callId": "808a424a6969ec1e5cb6126bc5a00",
    "mediaUri": "http://172.27.10.17/ttsfile/tts_cache/66b23cd7c0c8da76c4a79e8837ad91e14f01cae3.wav",
    "mediaType": 1,
    "minVol": 50,
    "playTime": 0,
    "defVol": 100,
    "channelId": 1
  }
}] - (RmqConsumer.java:93 - media.platform.amf.rmqif.module.RmqConsumer.parseRmqMessage)

[2021-12-24 12:10:32.696] [DEBUG] [RMQ_CONSUMER_124] (808a424a6969ec1e5cb6126bc5a00) (01047507298) (98527) (61c539d7dfb6b66cbc03fb14.S_TASKENGINE_01_B)  Media Play Start. [/home/app/amf/cache/ai_http%3A%2F%2F172.27.10.17%2Fttsfile%2Ftts_cache%2F66b23cd7c0c8da76c4a79e8837ad91e14f01cae3.wav] - (MediaPlayer.java:104 - media.platform.amf.rtp.media.MediaPlayer.play)

[2021-12-24 12:10:32.697] [INFO ] [RMQ_CONSUMER_124] [RMQ MESSAGE] (808a424a6969ec1e5cb6126bc5a00) (01047507298) (98527) (61c539d7dfb6b66cbc03fb14.S_TASKENGINE_01_B) PBX_AMF_0->PBX_AWF:MEDIA_PLAY_RES/success json=[{
  "header": {
    "type": "MEDIA_PLAY_RES",
    "msgFrom": "PBX_AMF_0",
    "transactionId": "0c7e3998-bb2d-4a8b-838b-bd8d9003a8d8",
    "reason": "success",
    "reasonCode": 0,
    "timestamp": "2021-12-24 12:10:32.696"
  },
  "body": {
    "playTime": 4027,
    "amfIp": "172.22.49.168",
    "amfPort": 10033,
    "taskId": "61c539d7dfb6b66cbc03fb14.S_TASKENGINE_01_B",
    "callId": "808a424a6969ec1e5cb6126bc5a00"
  }
}] - (RmqOutgoingMessage.java:106 - media.platform.amf.rmqif.handler.base.RmqOutgoingMessage.sendClient)

[2021-12-24 12:10:36.727] [INFO ] [UExecutor-34] (808a424a6969ec1e5cb6126bc5a00) (01047507298) (98527) (61c539d7dfb6b66cbc03fb14.S_TASKENGINE_01_B)  MediaPlayDone  - (MediaPlayer.java:136 - media.platform.amf.rtp.media.MediaPlayer.lambda$submitPacket$2)

[2021-12-24 12:10:36.728] [INFO ] [UExecutor-34] [RMQ MESSAGE] (808a424a6969ec1e5cb6126bc5a00) (01047507298) (98527) (61c539d7dfb6b66cbc03fb14.S_TASKENGINE_01_B) PBX_AMF_0->PBX_AWF:MEDIA_PLAY_DONE_REQ/success json=[{
  "header": {
    "type": "MEDIA_PLAY_DONE_REQ",
    "msgFrom": "PBX_AMF_0",
    "transactionId": "fc72e06d-605a-43fd-a84b-8f9776b2a7d3",
    "reasonCode": 0,
    "timestamp": "2021-12-24 12:10:36.727"
  },
  "body": {
    "channelId": 1,
    "taskId": "61c539d7dfb6b66cbc03fb14.S_TASKENGINE_01_B",
    "callId": "808a424a6969ec1e5cb6126bc5a00"
  }
}] - (RmqOutgoingMessage.java:106 - media.platform.amf.rmqif.handler.base.RmqOutgoingMessage.sendClient)

[2021-12-24 12:10:36.728] [INFO ] [RMQ_CONSUMER_41] [RMQ MESSAGE] (808a424a6969ec1e5cb6126bc5a00) (01047507298) (98527) (61c539d7dfb6b66cbc03fb14.S_TASKENGINE_01_B) PBX_AMF_0<-PBX_AWF:MEDIA_PLAY_DONE_RES/OK json=[{
  "header": {
    "type": "MEDIA_PLAY_DONE_RES",
    "transactionId": "fc72e06d-605a-43fd-a84b-8f9776b2a7d3",
    "timeStamp": "2021-12-24 12:10:36.728",
    "msgFrom": "PBX_AWF",
    "trxType": 1,
    "reasonCode": 200,
    "reason": "OK"
  },
  "body": {
    "taskId": "61c539d7dfb6b66cbc03fb14.S_TASKENGINE_01_B",
    "callId": "808a424a6969ec1e5cb6126bc5a00"
  }
}] - (RmqConsumer.java:93 - media.platform.amf.rmqif.module.RmqConsumer.parseRmqMessage)

[2021-12-24 12:10:39.779] [INFO ] [RMQ_CONSUMER_100] [RMQ MESSAGE] (808a424a6969ec1e5cb6126bc5a00) (01047507298) (98527) (61c539d7dfb6b66cbc03fb14.S_TASKENGINE_01_B) PBX_AMF_0<-PBX_AWF:MEDIA_PLAY_REQ/success json=[{
  "header": {
    "type": "MEDIA_PLAY_REQ",
    "transactionId": "91ec274d-269f-4d48-b24d-22318cbb55c6",
    "timeStamp": "2021-12-24 12:10:39.778",
    "msgFrom": "PBX_AWF",
    "trxType": 1
  },
  "body": {
    "taskId": "61c539d7dfb6b66cbc03fb14.S_TASKENGINE_01_B",
    "callId": "808a424a6969ec1e5cb6126bc5a00",
    "mediaUri": "http://172.27.10.17/ttsfile/tts_cache/ab04fefe475d4cabce42d06ce473832e48def1d7.wav",
    "mediaType": 1,
    "minVol": 50,
    "playTime": 0,
    "defVol": 100,
    "channelId": 1
  }
}] - (RmqConsumer.java:93 - media.platform.amf.rmqif.module.RmqConsumer.parseRmqMessage)

[2021-12-24 12:10:39.779] [DEBUG] [RMQ_CONSUMER_100] (808a424a6969ec1e5cb6126bc5a00) (01047507298) (98527) (61c539d7dfb6b66cbc03fb14.S_TASKENGINE_01_B)  Media Play Start. [/home/app/amf/cache/ai_http%3A%2F%2F172.27.10.17%2Fttsfile%2Ftts_cache%2Fab04fefe475d4cabce42d06ce473832e48def1d7.wav] - (MediaPlayer.java:104 - media.platform.amf.rtp.media.MediaPlayer.play)

[2021-12-24 12:10:39.779] [INFO ] [RMQ_CONSUMER_100] [RMQ MESSAGE] (808a424a6969ec1e5cb6126bc5a00) (01047507298) (98527) (61c539d7dfb6b66cbc03fb14.S_TASKENGINE_01_B) PBX_AMF_0->PBX_AWF:MEDIA_PLAY_RES/success json=[{
  "header": {
    "type": "MEDIA_PLAY_RES",
    "msgFrom": "PBX_AMF_0",
    "transactionId": "91ec274d-269f-4d48-b24d-22318cbb55c6",
    "reason": "success",
    "reasonCode": 0,
    "timestamp": "2021-12-24 12:10:39.779"
  },
  "body": {
    "playTime": 2309,
    "amfIp": "172.22.49.168",
    "amfPort": 10033,
    "taskId": "61c539d7dfb6b66cbc03fb14.S_TASKENGINE_01_B",
    "callId": "808a424a6969ec1e5cb6126bc5a00"
  }
}] - (RmqOutgoingMessage.java:106 - media.platform.amf.rmqif.handler.base.RmqOutgoingMessage.sendClient)

[2021-12-24 12:10:42.087] [INFO ] [UExecutor-38] (808a424a6969ec1e5cb6126bc5a00) (01047507298) (98527) (61c539d7dfb6b66cbc03fb14.S_TASKENGINE_01_B)  MediaPlayDone  - (MediaPlayer.java:136 - media.platform.amf.rtp.media.MediaPlayer.lambda$submitPacket$2)

[2021-12-24 12:10:42.088] [INFO ] [UExecutor-38] [RMQ MESSAGE] (808a424a6969ec1e5cb6126bc5a00) (01047507298) (98527) (61c539d7dfb6b66cbc03fb14.S_TASKENGINE_01_B) PBX_AMF_0->PBX_AWF:MEDIA_PLAY_DONE_REQ/success json=[{
  "header": {
    "type": "MEDIA_PLAY_DONE_REQ",
    "msgFrom": "PBX_AMF_0",
    "transactionId": "e00b3cbe-3523-4b00-bcc7-9e79edf007ae",
    "reasonCode": 0,
    "timestamp": "2021-12-24 12:10:42.088"
  },
  "body": {
    "channelId": 1,
    "taskId": "61c539d7dfb6b66cbc03fb14.S_TASKENGINE_01_B",
    "callId": "808a424a6969ec1e5cb6126bc5a00"
  }
}] - (RmqOutgoingMessage.java:106 - media.platform.amf.rmqif.handler.base.RmqOutgoingMessage.sendClient)

[2021-12-24 12:10:42.109] [INFO ] [RMQ_CONSUMER_43] [RMQ MESSAGE] (808a424a6969ec1e5cb6126bc5a00) (01047507298) (98527) (61c539d7dfb6b66cbc03fb14.S_TASKENGINE_01_B) PBX_AMF_0<-PBX_AWF:MEDIA_PLAY_DONE_RES/OK json=[{
  "header": {
    "type": "MEDIA_PLAY_DONE_RES",
    "transactionId": "e00b3cbe-3523-4b00-bcc7-9e79edf007ae",
    "timeStamp": "2021-12-24 12:10:42.109",
    "msgFrom": "PBX_AWF",
    "trxType": 1,
    "reasonCode": 200,
    "reason": "OK"
  },
  "body": {
    "taskId": "61c539d7dfb6b66cbc03fb14.S_TASKENGINE_01_B",
    "callId": "808a424a6969ec1e5cb6126bc5a00"
  }
}] - (RmqConsumer.java:93 - media.platform.amf.rmqif.module.RmqConsumer.parseRmqMessage)

[2021-12-24 12:10:42.131] [INFO ] [RMQ_CONSUMER_16] [RMQ MESSAGE] (808a424a6969ec1e5cb6126bc5a00) (01047507298) (98527) (61c539d7dfb6b66cbc03fb14.S_TASKENGINE_01_B) PBX_AMF_0<-PBX_AWF:MEDIA_PLAY_REQ/success json=[{
  "header": {
    "type": "MEDIA_PLAY_REQ",
    "transactionId": "7baaef1a-785a-4700-9dc0-0c7172e2465e",
    "timeStamp": "2021-12-24 12:10:42.131",
    "msgFrom": "PBX_AWF",
    "trxType": 1
  },
  "body": {
    "taskId": "61c539d7dfb6b66cbc03fb14.S_TASKENGINE_01_B",
    "callId": "808a424a6969ec1e5cb6126bc5a00",
    "mediaUri": "http://172.27.10.17/ttsfile/tts_cache/3f874ed6d080c2465340ec8686f39c0556004052.wav",
    "mediaType": 1,
    "minVol": 50,
    "playTime": 0,
    "defVol": 100,
    "channelId": 1
  }
}] - (RmqConsumer.java:93 - media.platform.amf.rmqif.module.RmqConsumer.parseRmqMessage)

[2021-12-24 12:10:42.175] [DEBUG] [RMQ_CONSUMER_16] (808a424a6969ec1e5cb6126bc5a00) (01047507298) (98527) (61c539d7dfb6b66cbc03fb14.S_TASKENGINE_01_B)  Media Play Start. [/home/app/amf/cache/ai_http%3A%2F%2F172.27.10.17%2Fttsfile%2Ftts_cache%2F3f874ed6d080c2465340ec8686f39c0556004052.wav] - (MediaPlayer.java:104 - media.platform.amf.rtp.media.MediaPlayer.play)

[2021-12-24 12:10:42.176] [INFO ] [RMQ_CONSUMER_16] [RMQ MESSAGE] (808a424a6969ec1e5cb6126bc5a00) (01047507298) (98527) (61c539d7dfb6b66cbc03fb14.S_TASKENGINE_01_B) PBX_AMF_0->PBX_AWF:MEDIA_PLAY_RES/success json=[{
  "header": {
    "type": "MEDIA_PLAY_RES",
    "msgFrom": "PBX_AMF_0",
    "transactionId": "7baaef1a-785a-4700-9dc0-0c7172e2465e",
    "reason": "success",
    "reasonCode": 0,
    "timestamp": "2021-12-24 12:10:42.176"
  },
  "body": {
    "playTime": 8506,
    "amfIp": "172.22.49.168",
    "amfPort": 10033,
    "taskId": "61c539d7dfb6b66cbc03fb14.S_TASKENGINE_01_B",
    "callId": "808a424a6969ec1e5cb6126bc5a00"
  }
}] - (RmqOutgoingMessage.java:106 - media.platform.amf.rmqif.handler.base.RmqOutgoingMessage.sendClient)

[2021-12-24 12:10:50.687] [INFO ] [UExecutor-38] (808a424a6969ec1e5cb6126bc5a00) (01047507298) (98527) (61c539d7dfb6b66cbc03fb14.S_TASKENGINE_01_B)  MediaPlayDone  - (MediaPlayer.java:136 - media.platform.amf.rtp.media.MediaPlayer.lambda$submitPacket$2)

[2021-12-24 12:10:50.688] [INFO ] [UExecutor-38] [RMQ MESSAGE] (808a424a6969ec1e5cb6126bc5a00) (01047507298) (98527) (61c539d7dfb6b66cbc03fb14.S_TASKENGINE_01_B) PBX_AMF_0->PBX_AWF:MEDIA_PLAY_DONE_REQ/success json=[{
  "header": {
    "type": "MEDIA_PLAY_DONE_REQ",
    "msgFrom": "PBX_AMF_0",
    "transactionId": "db29624c-2df3-4313-b5d6-413189e31ef9",
    "reasonCode": 0,
    "timestamp": "2021-12-24 12:10:50.688"
  },
  "body": {
    "channelId": 1,
    "taskId": "61c539d7dfb6b66cbc03fb14.S_TASKENGINE_01_B",
    "callId": "808a424a6969ec1e5cb6126bc5a00"
  }
}] - (RmqOutgoingMessage.java:106 - media.platform.amf.rmqif.handler.base.RmqOutgoingMessage.sendClient)

[2021-12-24 12:10:50.698] [INFO ] [RMQ_CONSUMER_19] [RMQ MESSAGE] (808a424a6969ec1e5cb6126bc5a00) (01047507298) (98527) (61c539d7dfb6b66cbc03fb14.S_TASKENGINE_01_B) PBX_AMF_0<-PBX_AWF:MEDIA_PLAY_DONE_RES/OK json=[{
  "header": {
    "type": "MEDIA_PLAY_DONE_RES",
    "transactionId": "db29624c-2df3-4313-b5d6-413189e31ef9",
    "timeStamp": "2021-12-24 12:10:50.698",
    "msgFrom": "PBX_AWF",
    "trxType": 1,
    "reasonCode": 200,
    "reason": "OK"
  },
  "body": {
    "taskId": "61c539d7dfb6b66cbc03fb14.S_TASKENGINE_01_B",
    "callId": "808a424a6969ec1e5cb6126bc5a00"
  }
}] - (RmqConsumer.java:93 - media.platform.amf.rmqif.module.RmqConsumer.parseRmqMessage)

[2021-12-24 12:10:53.743] [INFO ] [RMQ_CONSUMER_66] [RMQ MESSAGE] (808a424a6969ec1e5cb6126bc5a00) (01047507298) (98527) (61c539d7dfb6b66cbc03fb14.S_TASKENGINE_01_B) PBX_AMF_0<-PBX_AWF:MEDIA_PLAY_REQ/success json=[{
  "header": {
    "type": "MEDIA_PLAY_REQ",
    "transactionId": "bace3d85-c1e2-47b9-98f1-952308dd7c8f",
    "timeStamp": "2021-12-24 12:10:53.743",
    "msgFrom": "PBX_AWF",
    "trxType": 1
  },
  "body": {
    "taskId": "61c539d7dfb6b66cbc03fb14.S_TASKENGINE_01_B",
    "callId": "808a424a6969ec1e5cb6126bc5a00",
    "mediaUri": "http://172.27.10.17/ttsfile?20211224_12/53_376_5940_82da50a370cc646fd64739840efad7e8669b8c2c.wav",
    "mediaType": 1,
    "minVol": 50,
    "playTime": 0,
    "defVol": 100,
    "channelId": 1
  }
}] - (RmqConsumer.java:93 - media.platform.amf.rmqif.module.RmqConsumer.parseRmqMessage)

[2021-12-24 12:10:53.793] [DEBUG] [RMQ_CONSUMER_66] (808a424a6969ec1e5cb6126bc5a00) (01047507298) (98527) (61c539d7dfb6b66cbc03fb14.S_TASKENGINE_01_B)  Media Play Start. [/home/app/amf/cache/ai_http%3A%2F%2F172.27.10.17%2Fttsfile%3F20211224_12%2F53_376_5940_82da50a370cc646fd64739840efad7e8669b8c2c.wav] - (MediaPlayer.java:104 - media.platform.amf.rtp.media.MediaPlayer.play)

[2021-12-24 12:10:53.794] [INFO ] [RMQ_CONSUMER_66] [RMQ MESSAGE] (808a424a6969ec1e5cb6126bc5a00) (01047507298) (98527) (61c539d7dfb6b66cbc03fb14.S_TASKENGINE_01_B) PBX_AMF_0->PBX_AWF:MEDIA_PLAY_RES/success json=[{
  "header": {
    "type": "MEDIA_PLAY_RES",
    "msgFrom": "PBX_AMF_0",
    "transactionId": "bace3d85-c1e2-47b9-98f1-952308dd7c8f",
    "reason": "success",
    "reasonCode": 0,
    "timestamp": "2021-12-24 12:10:53.794"
  },
  "body": {
    "playTime": 8659,
    "amfIp": "172.22.49.168",
    "amfPort": 10033,
    "taskId": "61c539d7dfb6b66cbc03fb14.S_TASKENGINE_01_B",
    "callId": "808a424a6969ec1e5cb6126bc5a00"
  }
}] - (RmqOutgoingMessage.java:106 - media.platform.amf.rmqif.handler.base.RmqOutgoingMessage.sendClient)

[2021-12-24 12:11:02.447] [INFO ] [UExecutor-26] (808a424a6969ec1e5cb6126bc5a00) (01047507298) (98527) (61c539d7dfb6b66cbc03fb14.S_TASKENGINE_01_B)  MediaPlayDone  - (MediaPlayer.java:136 - media.platform.amf.rtp.media.MediaPlayer.lambda$submitPacket$2)

[2021-12-24 12:11:02.448] [INFO ] [UExecutor-26] [RMQ MESSAGE] (808a424a6969ec1e5cb6126bc5a00) (01047507298) (98527) (61c539d7dfb6b66cbc03fb14.S_TASKENGINE_01_B) PBX_AMF_0->PBX_AWF:MEDIA_PLAY_DONE_REQ/success json=[{
  "header": {
    "type": "MEDIA_PLAY_DONE_REQ",
    "msgFrom": "PBX_AMF_0",
    "transactionId": "8efe8db8-e063-405e-92ff-eaba45bc8ad7",
    "reasonCode": 0,
    "timestamp": "2021-12-24 12:11:02.448"
  },
  "body": {
    "channelId": 1,
    "taskId": "61c539d7dfb6b66cbc03fb14.S_TASKENGINE_01_B",
    "callId": "808a424a6969ec1e5cb6126bc5a00"
  }
}] - (RmqOutgoingMessage.java:106 - media.platform.amf.rmqif.handler.base.RmqOutgoingMessage.sendClient)

[2021-12-24 12:11:02.465] [INFO ] [RMQ_CONSUMER_86] [RMQ MESSAGE] (808a424a6969ec1e5cb6126bc5a00) (01047507298) (98527) (61c539d7dfb6b66cbc03fb14.S_TASKENGINE_01_B) PBX_AMF_0<-PBX_AWF:MEDIA_PLAY_DONE_RES/OK json=[{
  "header": {
    "type": "MEDIA_PLAY_DONE_RES",
    "transactionId": "8efe8db8-e063-405e-92ff-eaba45bc8ad7",
    "timeStamp": "2021-12-24 12:11:02.464",
    "msgFrom": "PBX_AWF",
    "trxType": 1,
    "reasonCode": 200,
    "reason": "OK"
  },
  "body": {
    "taskId": "61c539d7dfb6b66cbc03fb14.S_TASKENGINE_01_B",
    "callId": "808a424a6969ec1e5cb6126bc5a00"
  }
}] - (RmqConsumer.java:93 - media.platform.amf.rmqif.module.RmqConsumer.parseRmqMessage)

[2021-12-24 12:11:05.857] [INFO ] [RMQ_CONSUMER_42] [RMQ MESSAGE] (808a424a6969ec1e5cb6126bc5a00) (01047507298) (98527) (61c539d7dfb6b66cbc03fb14.S_TASKENGINE_01_B) PBX_AMF_0<-PBX_AWF:MEDIA_PLAY_REQ/success json=[{
  "header": {
    "type": "MEDIA_PLAY_REQ",
    "transactionId": "2a5f9505-2984-4b18-bad0-4fbff7409aa5",
    "timeStamp": "2021-12-24 12:11:05.857",
    "msgFrom": "PBX_AWF",
    "trxType": 1
  },
  "body": {
    "taskId": "61c539d7dfb6b66cbc03fb14.S_TASKENGINE_01_B",
    "callId": "808a424a6969ec1e5cb6126bc5a00",
    "mediaUri": "http://172.27.10.17/ttsfile?20211224_12/04_949_28930_e27e763299c8279d43cec35d268d1775aa89367e.wav",
    "mediaType": 1,
    "minVol": 50,
    "playTime": 0,
    "defVol": 100,
    "channelId": 1
  }
}] - (RmqConsumer.java:93 - media.platform.amf.rmqif.module.RmqConsumer.parseRmqMessage)

[2021-12-24 12:11:05.923] [DEBUG] [RMQ_CONSUMER_42] (808a424a6969ec1e5cb6126bc5a00) (01047507298) (98527) (61c539d7dfb6b66cbc03fb14.S_TASKENGINE_01_B)  Media Play Start. [/home/app/amf/cache/ai_http%3A%2F%2F172.27.10.17%2Fttsfile%3F20211224_12%2F04_949_28930_e27e763299c8279d43cec35d268d1775aa89367e.wav] - (MediaPlayer.java:104 - media.platform.amf.rtp.media.MediaPlayer.play)

[2021-12-24 12:11:05.923] [INFO ] [RMQ_CONSUMER_42] [RMQ MESSAGE] (808a424a6969ec1e5cb6126bc5a00) (01047507298) (98527) (61c539d7dfb6b66cbc03fb14.S_TASKENGINE_01_B) PBX_AMF_0->PBX_AWF:MEDIA_PLAY_RES/success json=[{
  "header": {
    "type": "MEDIA_PLAY_RES",
    "msgFrom": "PBX_AMF_0",
    "transactionId": "2a5f9505-2984-4b18-bad0-4fbff7409aa5",
    "reason": "success",
    "reasonCode": 0,
    "timestamp": "2021-12-24 12:11:05.923"
  },
  "body": {
    "playTime": 23199,
    "amfIp": "172.22.49.168",
    "amfPort": 10033,
    "taskId": "61c539d7dfb6b66cbc03fb14.S_TASKENGINE_01_B",
    "callId": "808a424a6969ec1e5cb6126bc5a00"
  }
}] - (RmqOutgoingMessage.java:106 - media.platform.amf.rmqif.handler.base.RmqOutgoingMessage.sendClient)

[2021-12-24 12:11:29.107] [INFO ] [UExecutor-28] (808a424a6969ec1e5cb6126bc5a00) (01047507298) (98527) (61c539d7dfb6b66cbc03fb14.S_TASKENGINE_01_B)  MediaPlayDone  - (MediaPlayer.java:136 - media.platform.amf.rtp.media.MediaPlayer.lambda$submitPacket$2)

[2021-12-24 12:11:29.108] [INFO ] [UExecutor-28] [RMQ MESSAGE] (808a424a6969ec1e5cb6126bc5a00) (01047507298) (98527) (61c539d7dfb6b66cbc03fb14.S_TASKENGINE_01_B) PBX_AMF_0->PBX_AWF:MEDIA_PLAY_DONE_REQ/success json=[{
  "header": {
    "type": "MEDIA_PLAY_DONE_REQ",
    "msgFrom": "PBX_AMF_0",
    "transactionId": "7909f93e-dad2-4f2f-aabb-c16617cdb9bb",
    "reasonCode": 0,
    "timestamp": "2021-12-24 12:11:29.108"
  },
  "body": {
    "channelId": 1,
    "taskId": "61c539d7dfb6b66cbc03fb14.S_TASKENGINE_01_B",
    "callId": "808a424a6969ec1e5cb6126bc5a00"
  }
}] - (RmqOutgoingMessage.java:106 - media.platform.amf.rmqif.handler.base.RmqOutgoingMessage.sendClient)

[2021-12-24 12:11:29.126] [INFO ] [RMQ_CONSUMER_89] [RMQ MESSAGE] (808a424a6969ec1e5cb6126bc5a00) (01047507298) (98527) (61c539d7dfb6b66cbc03fb14.S_TASKENGINE_01_B) PBX_AMF_0<-PBX_AWF:MEDIA_PLAY_DONE_RES/OK json=[{
  "header": {
    "type": "MEDIA_PLAY_DONE_RES",
    "transactionId": "7909f93e-dad2-4f2f-aabb-c16617cdb9bb",
    "timeStamp": "2021-12-24 12:11:29.126",
    "msgFrom": "PBX_AWF",
    "trxType": 1,
    "reasonCode": 200,
    "reason": "OK"
  },
  "body": {
    "taskId": "61c539d7dfb6b66cbc03fb14.S_TASKENGINE_01_B",
    "callId": "808a424a6969ec1e5cb6126bc5a00"
  }
}] - (RmqConsumer.java:93 - media.platform.amf.rmqif.module.RmqConsumer.parseRmqMessage)

[2021-12-24 12:11:31.280] [INFO ] [RMQ_CONSUMER_49] [RMQ MESSAGE] (808a424a6969ec1e5cb6126bc5a00) (01047507298) (98527) (61c539d7dfb6b66cbc03fb14.S_TASKENGINE_01_B) PBX_AMF_0<-PBX_AWF:MEDIA_PLAY_REQ/success json=[{
  "header": {
    "type": "MEDIA_PLAY_REQ",
    "transactionId": "e376b2a2-b8d1-4e17-96c1-850b85194448",
    "timeStamp": "2021-12-24 12:11:31.280",
    "msgFrom": "PBX_AWF",
    "trxType": 1
  },
  "body": {
    "taskId": "61c539d7dfb6b66cbc03fb14.S_TASKENGINE_01_B",
    "callId": "808a424a6969ec1e5cb6126bc5a00",
    "mediaUri": "http://172.27.10.17/ttsfile?20211224_12/31_018_5940_15c49ce3e4a2cee68d889fff43ccd174f61becb3.wav",
    "mediaType": 1,
    "minVol": 50,
    "playTime": 0,
    "defVol": 100,
    "channelId": 1
  }
}] - (RmqConsumer.java:93 - media.platform.amf.rmqif.module.RmqConsumer.parseRmqMessage)

[2021-12-24 12:11:31.321] [DEBUG] [RMQ_CONSUMER_49] (808a424a6969ec1e5cb6126bc5a00) (01047507298) (98527) (61c539d7dfb6b66cbc03fb14.S_TASKENGINE_01_B)  Media Play Start. [/home/app/amf/cache/ai_http%3A%2F%2F172.27.10.17%2Fttsfile%3F20211224_12%2F31_018_5940_15c49ce3e4a2cee68d889fff43ccd174f61becb3.wav] - (MediaPlayer.java:104 - media.platform.amf.rtp.media.MediaPlayer.play)

[2021-12-24 12:11:31.321] [INFO ] [RMQ_CONSUMER_49] [RMQ MESSAGE] (808a424a6969ec1e5cb6126bc5a00) (01047507298) (98527) (61c539d7dfb6b66cbc03fb14.S_TASKENGINE_01_B) PBX_AMF_0->PBX_AWF:MEDIA_PLAY_RES/success json=[{
  "header": {
    "type": "MEDIA_PLAY_RES",
    "msgFrom": "PBX_AMF_0",
    "transactionId": "e376b2a2-b8d1-4e17-96c1-850b85194448",
    "reason": "success",
    "reasonCode": 0,
    "timestamp": "2021-12-24 12:11:31.321"
  },
  "body": {
    "playTime": 5489,
    "amfIp": "172.22.49.168",
    "amfPort": 10033,
    "taskId": "61c539d7dfb6b66cbc03fb14.S_TASKENGINE_01_B",
    "callId": "808a424a6969ec1e5cb6126bc5a00"
  }
}] - (RmqOutgoingMessage.java:106 - media.platform.amf.rmqif.handler.base.RmqOutgoingMessage.sendClient)

[2021-12-24 12:11:36.807] [INFO ] [UExecutor-20] (808a424a6969ec1e5cb6126bc5a00) (01047507298) (98527) (61c539d7dfb6b66cbc03fb14.S_TASKENGINE_01_B)  MediaPlayDone  - (MediaPlayer.java:136 - media.platform.amf.rtp.media.MediaPlayer.lambda$submitPacket$2)

[2021-12-24 12:11:36.808] [INFO ] [UExecutor-20] [RMQ MESSAGE] (808a424a6969ec1e5cb6126bc5a00) (01047507298) (98527) (61c539d7dfb6b66cbc03fb14.S_TASKENGINE_01_B) PBX_AMF_0->PBX_AWF:MEDIA_PLAY_DONE_REQ/success json=[{
  "header": {
    "type": "MEDIA_PLAY_DONE_REQ",
    "msgFrom": "PBX_AMF_0",
    "transactionId": "4a2a42ae-6630-4a4f-9556-a52a19b7dd31",
    "reasonCode": 0,
    "timestamp": "2021-12-24 12:11:36.807"
  },
  "body": {
    "channelId": 1,
    "taskId": "61c539d7dfb6b66cbc03fb14.S_TASKENGINE_01_B",
    "callId": "808a424a6969ec1e5cb6126bc5a00"
  }
}] - (RmqOutgoingMessage.java:106 - media.platform.amf.rmqif.handler.base.RmqOutgoingMessage.sendClient)

[2021-12-24 12:11:36.808] [INFO ] [RMQ_CONSUMER_115] [RMQ MESSAGE] (808a424a6969ec1e5cb6126bc5a00) (01047507298) (98527) (61c539d7dfb6b66cbc03fb14.S_TASKENGINE_01_B) PBX_AMF_0<-PBX_AWF:MEDIA_PLAY_DONE_RES/OK json=[{
  "header": {
    "type": "MEDIA_PLAY_DONE_RES",
    "transactionId": "4a2a42ae-6630-4a4f-9556-a52a19b7dd31",
    "timeStamp": "2021-12-24 12:11:36.808",
    "msgFrom": "PBX_AWF",
    "trxType": 1,
    "reasonCode": 200,
    "reason": "OK"
  },
  "body": {
    "taskId": "61c539d7dfb6b66cbc03fb14.S_TASKENGINE_01_B",
    "callId": "808a424a6969ec1e5cb6126bc5a00"
  }
}] - (RmqConsumer.java:93 - media.platform.amf.rmqif.module.RmqConsumer.parseRmqMessage)

[2021-12-24 12:11:39.353] [INFO ] [RMQ_CONSUMER_115] [RMQ MESSAGE] (808a424a6969ec1e5cb6126bc5a00) (01047507298) (98527) (61c539d7dfb6b66cbc03fb14.S_TASKENGINE_01_B) PBX_AMF_0<-PBX_AWF:MEDIA_PLAY_REQ/success json=[{
  "header": {
    "type": "MEDIA_PLAY_REQ",
    "transactionId": "4099630c-dd3b-4688-a400-400fd17183ac",
    "timeStamp": "2021-12-24 12:11:39.353",
    "msgFrom": "PBX_AWF",
    "trxType": 1
  },
  "body": {
    "taskId": "61c539d7dfb6b66cbc03fb14.S_TASKENGINE_01_B",
    "callId": "808a424a6969ec1e5cb6126bc5a00",
    "mediaUri": "http://172.27.10.17/ttsfile?20211224_12/39_043_5940_b04d2783b45d3be074d119a36f86be4df1bd1eb3.wav",
    "mediaType": 1,
    "minVol": 50,
    "playTime": 0,
    "defVol": 100,
    "channelId": 1
  }
}] - (RmqConsumer.java:93 - media.platform.amf.rmqif.module.RmqConsumer.parseRmqMessage)

[2021-12-24 12:11:39.400] [DEBUG] [RMQ_CONSUMER_115] (808a424a6969ec1e5cb6126bc5a00) (01047507298) (98527) (61c539d7dfb6b66cbc03fb14.S_TASKENGINE_01_B)  Media Play Start. [/home/app/amf/cache/ai_http%3A%2F%2F172.27.10.17%2Fttsfile%3F20211224_12%2F39_043_5940_b04d2783b45d3be074d119a36f86be4df1bd1eb3.wav] - (MediaPlayer.java:104 - media.platform.amf.rtp.media.MediaPlayer.play)

[2021-12-24 12:11:39.400] [INFO ] [RMQ_CONSUMER_115] [RMQ MESSAGE] (808a424a6969ec1e5cb6126bc5a00) (01047507298) (98527) (61c539d7dfb6b66cbc03fb14.S_TASKENGINE_01_B) PBX_AMF_0->PBX_AWF:MEDIA_PLAY_RES/success json=[{
  "header": {
    "type": "MEDIA_PLAY_RES",
    "msgFrom": "PBX_AMF_0",
    "transactionId": "4099630c-dd3b-4688-a400-400fd17183ac",
    "reason": "success",
    "reasonCode": 0,
    "timestamp": "2021-12-24 12:11:39.400"
  },
  "body": {
    "playTime": 7912,
    "amfIp": "172.22.49.168",
    "amfPort": 10033,
    "taskId": "61c539d7dfb6b66cbc03fb14.S_TASKENGINE_01_B",
    "callId": "808a424a6969ec1e5cb6126bc5a00"
  }
}] - (RmqOutgoingMessage.java:106 - media.platform.amf.rmqif.handler.base.RmqOutgoingMessage.sendClient)

[2021-12-24 12:11:47.307] [INFO ] [UExecutor-5] (808a424a6969ec1e5cb6126bc5a00) (01047507298) (98527) (61c539d7dfb6b66cbc03fb14.S_TASKENGINE_01_B)  MediaPlayDone  - (MediaPlayer.java:136 - media.platform.amf.rtp.media.MediaPlayer.lambda$submitPacket$2)

[2021-12-24 12:11:47.308] [INFO ] [UExecutor-5] [RMQ MESSAGE] (808a424a6969ec1e5cb6126bc5a00) (01047507298) (98527) (61c539d7dfb6b66cbc03fb14.S_TASKENGINE_01_B) PBX_AMF_0->PBX_AWF:MEDIA_PLAY_DONE_REQ/success json=[{
  "header": {
    "type": "MEDIA_PLAY_DONE_REQ",
    "msgFrom": "PBX_AMF_0",
    "transactionId": "b24cfdca-65ae-45a0-8ec7-192df7f9fe6f",
    "reasonCode": 0,
    "timestamp": "2021-12-24 12:11:47.307"
  },
  "body": {
    "channelId": 1,
    "taskId": "61c539d7dfb6b66cbc03fb14.S_TASKENGINE_01_B",
    "callId": "808a424a6969ec1e5cb6126bc5a00"
  }
}] - (RmqOutgoingMessage.java:106 - media.platform.amf.rmqif.handler.base.RmqOutgoingMessage.sendClient)

[2021-12-24 12:11:47.326] [INFO ] [RMQ_CONSUMER_16] [RMQ MESSAGE] (808a424a6969ec1e5cb6126bc5a00) (01047507298) (98527) (61c539d7dfb6b66cbc03fb14.S_TASKENGINE_01_B) PBX_AMF_0<-PBX_AWF:MEDIA_PLAY_DONE_RES/OK json=[{
  "header": {
    "type": "MEDIA_PLAY_DONE_RES",
    "transactionId": "b24cfdca-65ae-45a0-8ec7-192df7f9fe6f",
    "timeStamp": "2021-12-24 12:11:47.325",
    "msgFrom": "PBX_AWF",
    "trxType": 1,
    "reasonCode": 200,
    "reason": "OK"
  },
  "body": {
    "taskId": "61c539d7dfb6b66cbc03fb14.S_TASKENGINE_01_B",
    "callId": "808a424a6969ec1e5cb6126bc5a00"
  }
}] - (RmqConsumer.java:93 - media.platform.amf.rmqif.module.RmqConsumer.parseRmqMessage)

[2021-12-24 12:11:47.346] [INFO ] [RMQ_CONSUMER_23] [RMQ MESSAGE] (808a424a6969ec1e5cb6126bc5a00) (01047507298) (98527) (61c539d7dfb6b66cbc03fb14.S_TASKENGINE_01_B) PBX_AMF_0<-PBX_AWF:MEDIA_PLAY_REQ/success json=[{
  "header": {
    "type": "MEDIA_PLAY_REQ",
    "transactionId": "10727926-be4a-4b52-93a5-8c52e967df1d",
    "timeStamp": "2021-12-24 12:11:47.346",
    "msgFrom": "PBX_AWF",
    "trxType": 1
  },
  "body": {
    "taskId": "61c539d7dfb6b66cbc03fb14.S_TASKENGINE_01_B",
    "callId": "808a424a6969ec1e5cb6126bc5a00",
    "mediaUri": "http://172.27.10.17/ttsfile/tts_cache/49ee9f900488af094945f08c2e8868ed95e42970.wav",
    "mediaType": 1,
    "minVol": 50,
    "playTime": 0,
    "defVol": 100,
    "channelId": 1
  }
}] - (RmqConsumer.java:93 - media.platform.amf.rmqif.module.RmqConsumer.parseRmqMessage)

[2021-12-24 12:11:47.347] [DEBUG] [RMQ_CONSUMER_23] (808a424a6969ec1e5cb6126bc5a00) (01047507298) (98527) (61c539d7dfb6b66cbc03fb14.S_TASKENGINE_01_B)  Media Play Start. [/home/app/amf/cache/ai_http%3A%2F%2F172.27.10.17%2Fttsfile%2Ftts_cache%2F49ee9f900488af094945f08c2e8868ed95e42970.wav] - (MediaPlayer.java:104 - media.platform.amf.rtp.media.MediaPlayer.play)

[2021-12-24 12:11:47.347] [INFO ] [RMQ_CONSUMER_23] [RMQ MESSAGE] (808a424a6969ec1e5cb6126bc5a00) (01047507298) (98527) (61c539d7dfb6b66cbc03fb14.S_TASKENGINE_01_B) PBX_AMF_0->PBX_AWF:MEDIA_PLAY_RES/success json=[{
  "header": {
    "type": "MEDIA_PLAY_RES",
    "msgFrom": "PBX_AMF_0",
    "transactionId": "10727926-be4a-4b52-93a5-8c52e967df1d",
    "reason": "success",
    "reasonCode": 0,
    "timestamp": "2021-12-24 12:11:47.347"
  },
  "body": {
    "playTime": 4503,
    "amfIp": "172.22.49.168",
    "amfPort": 10033,
    "taskId": "61c539d7dfb6b66cbc03fb14.S_TASKENGINE_01_B",
    "callId": "808a424a6969ec1e5cb6126bc5a00"
  }
}] - (RmqOutgoingMessage.java:106 - media.platform.amf.rmqif.handler.base.RmqOutgoingMessage.sendClient)

[2021-12-24 12:11:51.847] [INFO ] [UExecutor-9] (808a424a6969ec1e5cb6126bc5a00) (01047507298) (98527) (61c539d7dfb6b66cbc03fb14.S_TASKENGINE_01_B)  MediaPlayDone  - (MediaPlayer.java:136 - media.platform.amf.rtp.media.MediaPlayer.lambda$submitPacket$2)

[2021-12-24 12:11:51.848] [INFO ] [UExecutor-9] [RMQ MESSAGE] (808a424a6969ec1e5cb6126bc5a00) (01047507298) (98527) (61c539d7dfb6b66cbc03fb14.S_TASKENGINE_01_B) PBX_AMF_0->PBX_AWF:MEDIA_PLAY_DONE_REQ/success json=[{
  "header": {
    "type": "MEDIA_PLAY_DONE_REQ",
    "msgFrom": "PBX_AMF_0",
    "transactionId": "34491999-608b-4c70-8e5f-4ae0362d2d17",
    "reasonCode": 0,
    "timestamp": "2021-12-24 12:11:51.848"
  },
  "body": {
    "channelId": 1,
    "taskId": "61c539d7dfb6b66cbc03fb14.S_TASKENGINE_01_B",
    "callId": "808a424a6969ec1e5cb6126bc5a00"
  }
}] - (RmqOutgoingMessage.java:106 - media.platform.amf.rmqif.handler.base.RmqOutgoingMessage.sendClient)

[2021-12-24 12:11:51.860] [INFO ] [RMQ_CONSUMER_26] [RMQ MESSAGE] (808a424a6969ec1e5cb6126bc5a00) (01047507298) (98527) (61c539d7dfb6b66cbc03fb14.S_TASKENGINE_01_B) PBX_AMF_0<-PBX_AWF:MEDIA_PLAY_DONE_RES/OK json=[{
  "header": {
    "type": "MEDIA_PLAY_DONE_RES",
    "transactionId": "34491999-608b-4c70-8e5f-4ae0362d2d17",
    "timeStamp": "2021-12-24 12:11:51.860",
    "msgFrom": "PBX_AWF",
    "trxType": 1,
    "reasonCode": 200,
    "reason": "OK"
  },
  "body": {
    "taskId": "61c539d7dfb6b66cbc03fb14.S_TASKENGINE_01_B",
    "callId": "808a424a6969ec1e5cb6126bc5a00"
  }
}] - (RmqConsumer.java:93 - media.platform.amf.rmqif.module.RmqConsumer.parseRmqMessage)

[2021-12-24 12:11:53.714] [INFO ] [RMQ_CONSUMER_35] [RMQ MESSAGE] (808a424a6969ec1e5cb6126bc5a00) (01047507298) (98527) (61c539d7dfb6b66cbc03fb14.S_TASKENGINE_01_B) PBX_AMF_0<-PBX_AWF:MEDIA_PLAY_REQ/success json=[{
  "header": {
    "type": "MEDIA_PLAY_REQ",
    "transactionId": "ebc48e18-97b8-4c45-91c3-debdb92ac923",
    "timeStamp": "2021-12-24 12:11:53.713",
    "msgFrom": "PBX_AWF",
    "trxType": 1
  },
  "body": {
    "taskId": "61c539d7dfb6b66cbc03fb14.S_TASKENGINE_01_B",
    "callId": "808a424a6969ec1e5cb6126bc5a00",
    "mediaUri": "http://172.27.10.17/ttsfile/tts_cache/209befecdbca2b233d17b62d749fd26a12de9041.wav",
    "mediaType": 1,
    "minVol": 50,
    "playTime": 0,
    "defVol": 100,
    "channelId": 1
  }
}] - (RmqConsumer.java:93 - media.platform.amf.rmqif.module.RmqConsumer.parseRmqMessage)

[2021-12-24 12:11:53.715] [DEBUG] [RMQ_CONSUMER_35] (808a424a6969ec1e5cb6126bc5a00) (01047507298) (98527) (61c539d7dfb6b66cbc03fb14.S_TASKENGINE_01_B)  Media Play Start. [/home/app/amf/cache/ai_http%3A%2F%2F172.27.10.17%2Fttsfile%2Ftts_cache%2F209befecdbca2b233d17b62d749fd26a12de9041.wav] - (MediaPlayer.java:104 - media.platform.amf.rtp.media.MediaPlayer.play)

[2021-12-24 12:11:53.715] [INFO ] [RMQ_CONSUMER_35] [RMQ MESSAGE] (808a424a6969ec1e5cb6126bc5a00) (01047507298) (98527) (61c539d7dfb6b66cbc03fb14.S_TASKENGINE_01_B) PBX_AMF_0->PBX_AWF:MEDIA_PLAY_RES/success json=[{
  "header": {
    "type": "MEDIA_PLAY_RES",
    "msgFrom": "PBX_AMF_0",
    "transactionId": "ebc48e18-97b8-4c45-91c3-debdb92ac923",
    "reason": "success",
    "reasonCode": 0,
    "timestamp": "2021-12-24 12:11:53.715"
  },
  "body": {
    "playTime": 5975,
    "amfIp": "172.22.49.168",
    "amfPort": 10033,
    "taskId": "61c539d7dfb6b66cbc03fb14.S_TASKENGINE_01_B",
    "callId": "808a424a6969ec1e5cb6126bc5a00"
  }
}] - (RmqOutgoingMessage.java:106 - media.platform.amf.rmqif.handler.base.RmqOutgoingMessage.sendClient)

[2021-12-24 12:11:59.687] [INFO ] [UExecutor-15] (808a424a6969ec1e5cb6126bc5a00) (01047507298) (98527) (61c539d7dfb6b66cbc03fb14.S_TASKENGINE_01_B)  MediaPlayDone  - (MediaPlayer.java:136 - media.platform.amf.rtp.media.MediaPlayer.lambda$submitPacket$2)

[2021-12-24 12:11:59.688] [INFO ] [UExecutor-15] [RMQ MESSAGE] (808a424a6969ec1e5cb6126bc5a00) (01047507298) (98527) (61c539d7dfb6b66cbc03fb14.S_TASKENGINE_01_B) PBX_AMF_0->PBX_AWF:MEDIA_PLAY_DONE_REQ/success json=[{
  "header": {
    "type": "MEDIA_PLAY_DONE_REQ",
    "msgFrom": "PBX_AMF_0",
    "transactionId": "b862f177-c084-4b92-8804-b12f98c8e73d",
    "reasonCode": 0,
    "timestamp": "2021-12-24 12:11:59.687"
  },
  "body": {
    "channelId": 1,
    "taskId": "61c539d7dfb6b66cbc03fb14.S_TASKENGINE_01_B",
    "callId": "808a424a6969ec1e5cb6126bc5a00"
  }
}] - (RmqOutgoingMessage.java:106 - media.platform.amf.rmqif.handler.base.RmqOutgoingMessage.sendClient)

[2021-12-24 12:11:59.696] [INFO ] [RMQ_CONSUMER_123] [RMQ MESSAGE] (808a424a6969ec1e5cb6126bc5a00) (01047507298) (98527) (61c539d7dfb6b66cbc03fb14.S_TASKENGINE_01_B) PBX_AMF_0<-PBX_AWF:MEDIA_PLAY_DONE_RES/OK json=[{
  "header": {
    "type": "MEDIA_PLAY_DONE_RES",
    "transactionId": "b862f177-c084-4b92-8804-b12f98c8e73d",
    "timeStamp": "2021-12-24 12:11:59.696",
    "msgFrom": "PBX_AWF",
    "trxType": 1,
    "reasonCode": 200,
    "reason": "OK"
  },
  "body": {
    "taskId": "61c539d7dfb6b66cbc03fb14.S_TASKENGINE_01_B",
    "callId": "808a424a6969ec1e5cb6126bc5a00"
  }
}] - (RmqConsumer.java:93 - media.platform.amf.rmqif.module.RmqConsumer.parseRmqMessage)

[2021-12-24 12:11:59.759] [INFO ] [RMQ_CONSUMER_7] [RMQ MESSAGE] (808a424a6969ec1e5cb6126bc5a00) (01047507298) (98527) (61c539d7dfb6b66cbc03fb14.S_TASKENGINE_01_B) PBX_AMF_0<-PBX_A2S:hangup_req/success json=[{
  "header": {
    "type": "hangup_req",
    "transactionId": "de072e34-9855-45b3-a7cd-7f558e522a1b",
    "msgFrom": "PBX_A2S",
    "reasonCode": 0,
    "timestamp": "2021-12-24 12:11:59.759"
  },
  "body": {
    "taskId": "61c539d7dfb6b66cbc03fb14.S_TASKENGINE_01_B",
    "callId": "808a424a6969ec1e5cb6126bc5a00"
  }
}] - (RmqConsumer.java:93 - media.platform.amf.rmqif.module.RmqConsumer.parseRmqMessage)

[2021-12-24 12:11:59.759] [DEBUG] [RMQ_CONSUMER_7] [LOCK<] StateUnit=[StateUnit{name='808a424a6969ec1e5cb6126bc5a00', handlerName='SESSION', prevState='NEGO_REQ', curState='NEGO_RES', nextEventKey='null', successCallBackResult=null, failCallBackResult=null, data=CallInfo(taskId=61c539d7dfb6b66cbc03fb14.S_TASKENGINE_01_B, callId=808a424a6969ec1e5cb6126bc5a00, fromNo=01047507298, toNo=98527, createdTime=1640315351127, outBoundFlag=0, isTraceEnabled=false, peerAddrs=[/172.22.48.134:4772], sdpInfos={audio=SdpInfo(attributes=[media.platform.amf.sdp.SdpAttribute@79a03e2f, media.platform.amf.sdp.SdpAttribute@7d9fb5c3, media.platform.amf.sdp.SdpAttribute@389d3414, media.platform.amf.sdp.SdpAttribute@71c6e7f2], remotePort=4772, localIp=null, localPort=0, remoteIp=172.22.48.134, payloadId=0, codecStr=pcmu, payload2833=101, modeSet=-1, oaMode=true, isSendOnly=false, sampleRate=8000, priorityCodec=null)}, payloadId=0, isRtpSidMode=false, isAmrCall=true, localPort=10033, dialogState=ACTIVE_STATE, aiifIp=172.22.49.169, aiifPort=20017, aiifInfo=/172.22.49.169:20017, aiifSeqNo=8425, lastRtpRecvTime=1640315519704, mediaPlayer=media.platform.amf.rtp.media.MediaPlayer@9efeea3, rtpChannelInfo=RtpChannelInfo{usingPort=10033, channel=[id: 0x8521e1d7, L:/172.22.49.168:10033], taskInfo=media.platform.amf.session.TaskInfo@95e63f0}, recordInfo=media.platform.amf.rtp.record.RecordInfo@58b2cb5b, dtmfCollector=media.platform.amf.rtp.dtmf.DtmfCollector@1e8d5ec8, scheduledFuture=java.util.concurrent.ScheduledThreadPoolExecutor$ScheduledFutureTask@5cfc7740[Not completed, task = java.util.concurrent.Executors$RunnableAdapter@68e1314c[Wrapped task = umedia.library.executor.USingleScheduledExecutorService$$Lambda$186/0x000000084029a840@125a8e43]])}], lockAddr=[java.util.concurrent.locks.ReentrantLock@7767deb3[Locked by thread RMQ_CONSUMER_7]] - (StateEventManager.java:223 - com.fsm.event.StateEventManager.nextState)

[2021-12-24 12:11:59.760] [DEBUG] [RMQ_CONSUMER_7] [1002] (808a424a6969ec1e5cb6126bc5a00) Prev State is changed. ([NEGO_REQ] > [NEGO_RES]) - (StateUnit.java:163 - com.fsm.unit.StateUnit.setPrevState)

[2021-12-24 12:11:59.760] [DEBUG] [RMQ_CONSUMER_7] [1002] (808a424a6969ec1e5cb6126bc5a00) Cur State is changed. ([NEGO_RES] > [IDLE]) - (StateUnit.java:140 - com.fsm.unit.StateUnit.setCurState)

[2021-12-24 12:11:59.760] [DEBUG] [RMQ_CONSUMER_7] [>UNLOCK] StateUnit=[StateUnit{name='808a424a6969ec1e5cb6126bc5a00', handlerName='SESSION', prevState='NEGO_RES', curState='IDLE', nextEventKey='null', successCallBackResult=null, failCallBackResult=null, data=CallInfo(taskId=61c539d7dfb6b66cbc03fb14.S_TASKENGINE_01_B, callId=808a424a6969ec1e5cb6126bc5a00, fromNo=01047507298, toNo=98527, createdTime=1640315351127, outBoundFlag=0, isTraceEnabled=false, peerAddrs=[/172.22.48.134:4772], sdpInfos={audio=SdpInfo(attributes=[media.platform.amf.sdp.SdpAttribute@79a03e2f, media.platform.amf.sdp.SdpAttribute@7d9fb5c3, media.platform.amf.sdp.SdpAttribute@389d3414, media.platform.amf.sdp.SdpAttribute@71c6e7f2], remotePort=4772, localIp=null, localPort=0, remoteIp=172.22.48.134, payloadId=0, codecStr=pcmu, payload2833=101, modeSet=-1, oaMode=true, isSendOnly=false, sampleRate=8000, priorityCodec=null)}, payloadId=0, isRtpSidMode=false, isAmrCall=true, localPort=10033, dialogState=ACTIVE_STATE, aiifIp=172.22.49.169, aiifPort=20017, aiifInfo=/172.22.49.169:20017, aiifSeqNo=8425, lastRtpRecvTime=1640315519704, mediaPlayer=media.platform.amf.rtp.media.MediaPlayer@9efeea3, rtpChannelInfo=RtpChannelInfo{usingPort=10033, channel=[id: 0x8521e1d7, L:/172.22.49.168:10033], taskInfo=media.platform.amf.session.TaskInfo@95e63f0}, recordInfo=media.platform.amf.rtp.record.RecordInfo@58b2cb5b, dtmfCollector=media.platform.amf.rtp.dtmf.DtmfCollector@1e8d5ec8, scheduledFuture=java.util.concurrent.ScheduledThreadPoolExecutor$ScheduledFutureTask@5cfc7740[Not completed, task = java.util.concurrent.Executors$RunnableAdapter@68e1314c[Wrapped task = umedia.library.executor.USingleScheduledExecutorService$$Lambda$186/0x000000084029a840@125a8e43]])}], lockAddr=[java.util.concurrent.locks.ReentrantLock@7767deb3[Unlocked]] - (StateEventManager.java:261 - com.fsm.event.StateEventManager.nextState)

[2021-12-24 12:11:59.760] [DEBUG] [RMQ_CONSUMER_7] (808a424a6969ec1e5cb6126bc5a00) (01047507298) (98527) (61c539d7dfb6b66cbc03fb14.S_TASKENGINE_01_B)  Removed call. participants [61c539d7dfb6b66cbc03fb14.S_TASKENGINE_01_B] - (TaskInfo.java:115 - media.platform.amf.session.TaskInfo.removeCall)

[2021-12-24 12:11:59.760] [DEBUG] [RMQ_CONSUMER_7] (808a424a6969ec1e5cb6126bc5a00) () () () Delete session. Remaining count [0] - (SessionManager.java:154 - media.platform.amf.session.SessionManager.deleteCall)

[2021-12-24 12:11:59.760] [DEBUG] [RMQ_CONSUMER_7] (808a424a6969ec1e5cb6126bc5a00) () () () Record IncomingStream Close Success - (RecordInfo.java:169 - media.platform.amf.rtp.record.RecordInfo.recordStop)

[2021-12-24 12:11:59.760] [DEBUG] [RMQ_CONSUMER_7] (808a424a6969ec1e5cb6126bc5a00) () () () Record OutgoingStream Close Success - (RecordInfo.java:180 - media.platform.amf.rtp.record.RecordInfo.recordStop)

[2021-12-24 12:11:59.834] [INFO ] [RMQ_CONSUMER_7] Mix Media DONE. [/home/app/amf/raw/in_808a424a6969ec1e5cb6126bc5a00 + /home/app/amf/raw/out_808a424a6969ec1e5cb6126bc5a00 -> /home/app/amf/record/20211224/67b98654b008503bdbabe53a4f76c8837725ad99/67b98654b008503bdbabe53a4f76c8837725ad99_0_172022049168_20211224_120911190_121159760_168570_$CHECKSUM_A_.wav] - (AudioMixer.java:40 - media.platform.amf.codec.g711codec.mixer.AudioMixer.mixRawFile)

[2021-12-24 12:11:59.846] [DEBUG] [RMQ_CONSUMER_7] (808a424a6969ec1e5cb6126bc5a00) () () () Record Stop success - (RecordInfo.java:205 - media.platform.amf.rtp.record.RecordInfo.recordStop)

[2021-12-24 12:11:59.846] [DEBUG] [RMQ_CONSUMER_7] (808a424a6969ec1e5cb6126bc5a00) () () () Media Already stop - (MediaPlayer.java:116 - media.platform.amf.rtp.media.MediaPlayer.stop)

[2021-12-24 12:11:59.846] [INFO ] [RMQ_CONSUMER_7] [RMQ MESSAGE] (808a424a6969ec1e5cb6126bc5a00) () () (61c539d7dfb6b66cbc03fb14.S_TASKENGINE_01_B) PBX_AMF_0->PBX_A2S:hangup_res/success json=[{
  "header": {
    "type": "hangup_res",
    "msgFrom": "PBX_AMF_0",
    "transactionId": "de072e34-9855-45b3-a7cd-7f558e522a1b",
    "reason": "success",
    "reasonCode": 0,
    "timestamp": "2021-12-24 12:11:59.846"
  },
  "body": {
    "participant_count": 0,
    "taskId": "61c539d7dfb6b66cbc03fb14.S_TASKENGINE_01_B",
    "callId": "808a424a6969ec1e5cb6126bc5a00"
  }
}] - (RmqOutgoingMessage.java:106 - media.platform.amf.rmqif.handler.base.RmqOutgoingMessage.sendClient)

